<?xml version="1.0" encoding="UTF-8"?>
<coverage generated="1754671495322" clover="3.2.0">
  <project timestamp="1754671495322" name="All files">
    <metrics statements="1219" coveredstatements="1150" conditionals="471" coveredconditionals="454" methods="104" coveredmethods="101" elements="1794" coveredelements="1705" complexity="0" loc="1219" ncloc="1219" packages="2" files="15" classes="15"/>
    <package name="app">
      <metrics statements="42" coveredstatements="0" conditionals="1" coveredconditionals="0" methods="1" coveredmethods="0"/>
      <file name="po2json.js" path="/app/po2json.js">
        <metrics statements="42" coveredstatements="0" conditionals="1" coveredconditionals="0" methods="1" coveredmethods="0"/>
        <line num="1" count="0" type="cond" truecount="0" falsecount="1"/>
        <line num="2" count="0" type="stmt"/>
        <line num="3" count="0" type="stmt"/>
        <line num="4" count="0" type="stmt"/>
        <line num="6" count="0" type="stmt"/>
        <line num="7" count="0" type="stmt"/>
        <line num="8" count="0" type="stmt"/>
        <line num="9" count="0" type="stmt"/>
        <line num="10" count="0" type="stmt"/>
        <line num="12" count="0" type="stmt"/>
        <line num="13" count="0" type="stmt"/>
        <line num="14" count="0" type="stmt"/>
        <line num="15" count="0" type="stmt"/>
        <line num="16" count="0" type="stmt"/>
        <line num="18" count="0" type="stmt"/>
        <line num="19" count="0" type="stmt"/>
        <line num="20" count="0" type="stmt"/>
        <line num="21" count="0" type="stmt"/>
        <line num="22" count="0" type="stmt"/>
        <line num="23" count="0" type="stmt"/>
        <line num="24" count="0" type="stmt"/>
        <line num="25" count="0" type="stmt"/>
        <line num="26" count="0" type="stmt"/>
        <line num="27" count="0" type="stmt"/>
        <line num="28" count="0" type="stmt"/>
        <line num="29" count="0" type="stmt"/>
        <line num="30" count="0" type="stmt"/>
        <line num="31" count="0" type="stmt"/>
        <line num="32" count="0" type="stmt"/>
        <line num="33" count="0" type="stmt"/>
        <line num="34" count="0" type="stmt"/>
        <line num="35" count="0" type="stmt"/>
        <line num="36" count="0" type="stmt"/>
        <line num="37" count="0" type="stmt"/>
        <line num="38" count="0" type="stmt"/>
        <line num="39" count="0" type="stmt"/>
        <line num="40" count="0" type="stmt"/>
        <line num="41" count="0" type="stmt"/>
        <line num="42" count="0" type="stmt"/>
        <line num="43" count="0" type="stmt"/>
        <line num="44" count="0" type="stmt"/>
        <line num="45" count="0" type="stmt"/>
      </file>
    </package>
    <package name="app.src">
      <metrics statements="1177" coveredstatements="1150" conditionals="470" coveredconditionals="454" methods="103" coveredmethods="101"/>
      <file name="anniversary.ts" path="/app/src/anniversary.ts">
        <metrics statements="116" coveredstatements="116" conditionals="64" coveredconditionals="64" methods="6" coveredmethods="6"/>
        <line num="1" count="1" type="stmt"/>
        <line num="11" count="1" type="stmt"/>
        <line num="13" count="1" type="stmt"/>
        <line num="14" count="1" type="stmt"/>
        <line num="15" count="1" type="stmt"/>
        <line num="16" count="1" type="stmt"/>
        <line num="17" count="1" type="stmt"/>
        <line num="18" count="1" type="stmt"/>
        <line num="19" count="1" type="stmt"/>
        <line num="25" count="309" type="cond" truecount="1" falsecount="0"/>
        <line num="26" count="309" type="stmt"/>
        <line num="27" count="309" type="cond" truecount="1" falsecount="0"/>
        <line num="28" count="308" type="cond" truecount="1" falsecount="0"/>
        <line num="29" count="308" type="cond" truecount="1" falsecount="0"/>
        <line num="30" count="3" type="cond" truecount="1" falsecount="0"/>
        <line num="31" count="3" type="stmt"/>
        <line num="33" count="309" type="stmt"/>
        <line num="40" count="309" type="cond" truecount="1" falsecount="0"/>
        <line num="41" count="309" type="cond" truecount="1" falsecount="0"/>
        <line num="42" count="3" type="stmt"/>
        <line num="43" count="309" type="cond" truecount="2" falsecount="0"/>
        <line num="44" count="305" type="stmt"/>
        <line num="45" count="305" type="stmt"/>
        <line num="46" count="306" type="cond" truecount="1" falsecount="0"/>
        <line num="48" count="1" type="stmt"/>
        <line num="49" count="1" type="stmt"/>
        <line num="50" count="309" type="stmt"/>
        <line num="85" count="1" type="cond" truecount="1" falsecount="0"/>
        <line num="86" count="177" type="stmt"/>
        <line num="87" count="177" type="stmt"/>
        <line num="88" count="177" type="stmt"/>
        <line num="89" count="177" type="stmt"/>
        <line num="90" count="177" type="cond" truecount="1" falsecount="0"/>
        <line num="91" count="1" type="stmt"/>
        <line num="92" count="1" type="cond" truecount="1" falsecount="0"/>
        <line num="93" count="176" type="stmt"/>
        <line num="94" count="176" type="stmt"/>
        <line num="96" count="1" type="cond" truecount="1" falsecount="0"/>
        <line num="97" count="179" type="stmt"/>
        <line num="98" count="179" type="stmt"/>
        <line num="99" count="179" type="stmt"/>
        <line num="100" count="179" type="stmt"/>
        <line num="101" count="179" type="cond" truecount="1" falsecount="0"/>
        <line num="103" count="1" type="stmt"/>
        <line num="104" count="1" type="cond" truecount="1" falsecount="0"/>
        <line num="106" count="178" type="stmt"/>
        <line num="107" count="178" type="cond" truecount="1" falsecount="0"/>
        <line num="108" count="53" type="cond" truecount="1" falsecount="0"/>
        <line num="109" count="50" type="stmt"/>
        <line num="110" count="179" type="cond" truecount="1" falsecount="0"/>
        <line num="113" count="25" type="stmt"/>
        <line num="114" count="25" type="cond" truecount="1" falsecount="0"/>
        <line num="115" count="153" type="cond" truecount="1" falsecount="0"/>
        <line num="116" count="50" type="cond" truecount="1" falsecount="0"/>
        <line num="117" count="50" type="stmt"/>
        <line num="118" count="153" type="cond" truecount="1" falsecount="0"/>
        <line num="121" count="25" type="stmt"/>
        <line num="122" count="153" type="cond" truecount="2" falsecount="0"/>
        <line num="124" count="25" type="stmt"/>
        <line num="125" count="128" type="cond" truecount="4" falsecount="0"/>
        <line num="128" count="16" type="stmt"/>
        <line num="129" count="16" type="stmt"/>
        <line num="130" count="16" type="cond" truecount="1" falsecount="0"/>
        <line num="134" count="179" type="cond" truecount="3" falsecount="0"/>
        <line num="135" count="14" type="stmt"/>
        <line num="136" count="14" type="stmt"/>
        <line num="137" count="179" type="cond" truecount="4" falsecount="0"/>
        <line num="138" count="6" type="stmt"/>
        <line num="139" count="6" type="stmt"/>
        <line num="140" count="6" type="cond" truecount="1" falsecount="0"/>
        <line num="142" count="178" type="stmt"/>
        <line num="143" count="178" type="stmt"/>
        <line num="144" count="178" type="stmt"/>
        <line num="171" count="1" type="cond" truecount="1" falsecount="0"/>
        <line num="172" count="128" type="stmt"/>
        <line num="173" count="128" type="stmt"/>
        <line num="174" count="128" type="stmt"/>
        <line num="175" count="128" type="stmt"/>
        <line num="176" count="128" type="cond" truecount="1" falsecount="0"/>
        <line num="177" count="1" type="stmt"/>
        <line num="178" count="1" type="cond" truecount="1" falsecount="0"/>
        <line num="179" count="127" type="stmt"/>
        <line num="180" count="127" type="stmt"/>
        <line num="182" count="1" type="cond" truecount="1" falsecount="0"/>
        <line num="183" count="130" type="stmt"/>
        <line num="184" count="130" type="stmt"/>
        <line num="185" count="130" type="stmt"/>
        <line num="186" count="130" type="stmt"/>
        <line num="187" count="130" type="stmt"/>
        <line num="188" count="130" type="cond" truecount="1" falsecount="0"/>
        <line num="189" count="1" type="stmt"/>
        <line num="190" count="130" type="cond" truecount="2" falsecount="0"/>
        <line num="192" count="1" type="stmt"/>
        <line num="193" count="1" type="cond" truecount="1" falsecount="0"/>
        <line num="194" count="128" type="stmt"/>
        <line num="195" count="128" type="stmt"/>
        <line num="196" count="128" type="stmt"/>
        <line num="198" count="130" type="cond" truecount="4" falsecount="0"/>
        <line num="199" count="42" type="stmt"/>
        <line num="200" count="130" type="cond" truecount="4" falsecount="0"/>
        <line num="201" count="12" type="stmt"/>
        <line num="202" count="12" type="stmt"/>
        <line num="203" count="86" type="cond" truecount="4" falsecount="0"/>
        <line num="204" count="6" type="stmt"/>
        <line num="205" count="6" type="stmt"/>
        <line num="206" count="6" type="cond" truecount="1" falsecount="0"/>
        <line num="207" count="68" type="cond" truecount="1" falsecount="0"/>
        <line num="208" count="42" type="cond" truecount="1" falsecount="0"/>
        <line num="209" count="21" type="cond" truecount="1" falsecount="0"/>
        <line num="210" count="21" type="stmt"/>
        <line num="211" count="68" type="cond" truecount="1" falsecount="0"/>
        <line num="212" count="14" type="stmt"/>
        <line num="213" count="14" type="stmt"/>
        <line num="214" count="14" type="cond" truecount="1" falsecount="0"/>
        <line num="216" count="128" type="stmt"/>
        <line num="217" count="128" type="stmt"/>
      </file>
      <file name="ashkenazi.po.ts" path="/app/src/ashkenazi.po.ts">
        <metrics statements="1" coveredstatements="1" conditionals="0" coveredconditionals="0" methods="0" coveredmethods="0"/>
        <line num="1" count="1" type="stmt"/>
      </file>
      <file name="dateFormat.ts" path="/app/src/dateFormat.ts">
        <metrics statements="46" coveredstatements="46" conditionals="10" coveredconditionals="10" methods="4" coveredmethods="4"/>
        <line num="1" count="1" type="stmt"/>
        <line num="3" count="1" type="stmt"/>
        <line num="8" count="30" type="cond" truecount="1" falsecount="0"/>
        <line num="9" count="30" type="stmt"/>
        <line num="10" count="30" type="cond" truecount="2" falsecount="0"/>
        <line num="11" count="7" type="stmt"/>
        <line num="12" count="7" type="stmt"/>
        <line num="13" count="7" type="stmt"/>
        <line num="14" count="7" type="stmt"/>
        <line num="15" count="7" type="stmt"/>
        <line num="16" count="7" type="stmt"/>
        <line num="17" count="7" type="stmt"/>
        <line num="18" count="7" type="stmt"/>
        <line num="19" count="7" type="stmt"/>
        <line num="20" count="7" type="stmt"/>
        <line num="21" count="7" type="stmt"/>
        <line num="22" count="7" type="stmt"/>
        <line num="23" count="7" type="stmt"/>
        <line num="25" count="1" type="stmt"/>
        <line num="32" count="1" type="cond" truecount="1" falsecount="0"/>
        <line num="33" count="30" type="stmt"/>
        <line num="34" count="30" type="stmt"/>
        <line num="35" count="30" type="cond" truecount="1" falsecount="0"/>
        <line num="36" count="1" type="stmt"/>
        <line num="37" count="1" type="cond" truecount="1" falsecount="0"/>
        <line num="38" count="29" type="stmt"/>
        <line num="39" count="30" type="cond" truecount="1" falsecount="0"/>
        <line num="40" count="1" type="stmt"/>
        <line num="41" count="1" type="cond" truecount="1" falsecount="0"/>
        <line num="42" count="29" type="stmt"/>
        <line num="43" count="29" type="stmt"/>
        <line num="44" count="29" type="stmt"/>
        <line num="49" count="1" type="cond" truecount="1" falsecount="0"/>
        <line num="50" count="8" type="stmt"/>
        <line num="51" count="8" type="stmt"/>
        <line num="52" count="8" type="stmt"/>
        <line num="53" count="8" type="stmt"/>
        <line num="54" count="8" type="stmt"/>
        <line num="59" count="1" type="cond" truecount="1" falsecount="0"/>
        <line num="60" count="12" type="stmt"/>
        <line num="61" count="12" type="stmt"/>
        <line num="62" count="12" type="stmt"/>
        <line num="63" count="12" type="stmt"/>
        <line num="64" count="12" type="stmt"/>
        <line num="65" count="12" type="stmt"/>
        <line num="67" count="12" type="stmt"/>
      </file>
      <file name="gematriya.ts" path="/app/src/gematriya.ts">
        <metrics statements="92" coveredstatements="92" conditionals="27" coveredconditionals="27" methods="3" coveredmethods="3"/>
        <line num="1" count="1" type="stmt"/>
        <line num="2" count="1" type="stmt"/>
        <line num="4" count="1" type="stmt"/>
        <line num="5" count="1" type="stmt"/>
        <line num="6" count="1" type="stmt"/>
        <line num="7" count="1" type="stmt"/>
        <line num="8" count="1" type="stmt"/>
        <line num="9" count="1" type="stmt"/>
        <line num="10" count="1" type="stmt"/>
        <line num="11" count="1" type="stmt"/>
        <line num="12" count="1" type="stmt"/>
        <line num="13" count="1" type="stmt"/>
        <line num="14" count="1" type="stmt"/>
        <line num="15" count="1" type="stmt"/>
        <line num="16" count="1" type="stmt"/>
        <line num="17" count="1" type="stmt"/>
        <line num="18" count="1" type="stmt"/>
        <line num="19" count="1" type="stmt"/>
        <line num="20" count="1" type="stmt"/>
        <line num="21" count="1" type="stmt"/>
        <line num="22" count="1" type="stmt"/>
        <line num="23" count="1" type="stmt"/>
        <line num="24" count="1" type="stmt"/>
        <line num="25" count="1" type="stmt"/>
        <line num="26" count="1" type="stmt"/>
        <line num="27" count="1" type="stmt"/>
        <line num="29" count="1" type="stmt"/>
        <line num="30" count="1" type="cond" truecount="1" falsecount="0"/>
        <line num="31" count="44" type="stmt"/>
        <line num="32" count="44" type="stmt"/>
        <line num="34" count="40" type="cond" truecount="1" falsecount="0"/>
        <line num="35" count="40" type="stmt"/>
        <line num="36" count="40" type="cond" truecount="1" falsecount="0"/>
        <line num="37" count="85" type="cond" truecount="2" falsecount="0"/>
        <line num="38" count="3" type="stmt"/>
        <line num="39" count="3" type="stmt"/>
        <line num="40" count="3" type="stmt"/>
        <line num="41" count="3" type="cond" truecount="1" falsecount="0"/>
        <line num="42" count="82" type="stmt"/>
        <line num="43" count="82" type="stmt"/>
        <line num="44" count="85" type="cond" truecount="1" falsecount="0"/>
        <line num="45" count="758" type="cond" truecount="1" falsecount="0"/>
        <line num="46" count="85" type="stmt"/>
        <line num="47" count="85" type="stmt"/>
        <line num="48" count="758" type="cond" truecount="1" falsecount="0"/>
        <line num="49" count="82" type="stmt"/>
        <line num="50" count="82" type="stmt"/>
        <line num="51" count="82" type="stmt"/>
        <line num="52" count="40" type="stmt"/>
        <line num="53" count="40" type="stmt"/>
        <line num="67" count="1" type="cond" truecount="1" falsecount="0"/>
        <line num="68" count="34" type="stmt"/>
        <line num="69" count="34" type="cond" truecount="2" falsecount="0"/>
        <line num="70" count="3" type="stmt"/>
        <line num="71" count="3" type="cond" truecount="1" falsecount="0"/>
        <line num="72" count="31" type="stmt"/>
        <line num="73" count="31" type="stmt"/>
        <line num="74" count="34" type="cond" truecount="2" falsecount="0"/>
        <line num="75" count="9" type="stmt"/>
        <line num="76" count="9" type="cond" truecount="1" falsecount="0"/>
        <line num="77" count="11" type="stmt"/>
        <line num="78" count="11" type="stmt"/>
        <line num="79" count="9" type="stmt"/>
        <line num="80" count="9" type="cond" truecount="1" falsecount="0"/>
        <line num="81" count="31" type="stmt"/>
        <line num="82" count="34" type="cond" truecount="1" falsecount="0"/>
        <line num="83" count="6" type="stmt"/>
        <line num="84" count="6" type="cond" truecount="1" falsecount="0"/>
        <line num="85" count="34" type="cond" truecount="1" falsecount="0"/>
        <line num="86" count="71" type="cond" truecount="1" falsecount="0"/>
        <line num="87" count="24" type="stmt"/>
        <line num="88" count="24" type="stmt"/>
        <line num="89" count="71" type="stmt"/>
        <line num="90" count="71" type="cond" truecount="1" falsecount="0"/>
        <line num="91" count="25" type="stmt"/>
        <line num="92" count="25" type="stmt"/>
        <line num="101" count="1" type="cond" truecount="1" falsecount="0"/>
        <line num="102" count="47" type="stmt"/>
        <line num="103" count="47" type="stmt"/>
        <line num="104" count="47" type="cond" truecount="2" falsecount="0"/>
        <line num="105" count="9" type="stmt"/>
        <line num="106" count="9" type="stmt"/>
        <line num="107" count="9" type="stmt"/>
        <line num="108" count="9" type="stmt"/>
        <line num="109" count="47" type="cond" truecount="1" falsecount="0"/>
        <line num="110" count="150" type="stmt"/>
        <line num="111" count="150" type="cond" truecount="1" falsecount="0"/>
        <line num="112" count="105" type="stmt"/>
        <line num="113" count="105" type="stmt"/>
        <line num="114" count="150" type="stmt"/>
        <line num="115" count="47" type="stmt"/>
        <line num="116" count="47" type="stmt"/>
      </file>
      <file name="greg.ts" path="/app/src/greg.ts">
        <metrics statements="67" coveredstatements="66" conditionals="32" coveredconditionals="31" methods="9" coveredmethods="9"/>
        <line num="3" count="1" type="stmt"/>
        <line num="5" count="1" type="stmt"/>
        <line num="6" count="1" type="stmt"/>
        <line num="11" count="984" type="cond" truecount="1" falsecount="0"/>
        <line num="12" count="984" type="stmt"/>
        <line num="13" count="984" type="stmt"/>
        <line num="18" count="6896" type="cond" truecount="1" falsecount="0"/>
        <line num="19" count="6896" type="stmt"/>
        <line num="20" count="6896" type="stmt"/>
        <line num="26" count="328" type="cond" truecount="1" falsecount="0"/>
        <line num="27" count="328" type="stmt"/>
        <line num="28" count="328" type="stmt"/>
        <line num="29" count="328" type="stmt"/>
        <line num="30" count="328" type="stmt"/>
        <line num="31" count="328" type="stmt"/>
        <line num="32" count="328" type="stmt"/>
        <line num="33" count="328" type="stmt"/>
        <line num="34" count="328" type="stmt"/>
        <line num="35" count="328" type="stmt"/>
        <line num="36" count="328" type="cond" truecount="3" falsecount="0"/>
        <line num="37" count="328" type="stmt"/>
        <line num="51" count="1" type="cond" truecount="1" falsecount="0"/>
        <line num="52" count="1152" type="cond" truecount="2" falsecount="0"/>
        <line num="53" count="1152" type="stmt"/>
        <line num="60" count="1" type="cond" truecount="1" falsecount="0"/>
        <line num="62" count="4" type="stmt"/>
        <line num="63" count="4" type="stmt"/>
        <line num="68" count="1" type="cond" truecount="1" falsecount="0"/>
        <line num="70" count="666" type="cond" truecount="1" falsecount="0"/>
        <line num="71" count="666" type="stmt"/>
        <line num="79" count="1314" type="cond" truecount="1" falsecount="0"/>
        <line num="80" count="1314" type="stmt"/>
        <line num="81" count="1314" type="stmt"/>
        <line num="82" count="1314" type="stmt"/>
        <line num="83" count="1314" type="stmt"/>
        <line num="84" count="1314" type="stmt"/>
        <line num="85" count="1314" type="stmt"/>
        <line num="86" count="1314" type="stmt"/>
        <line num="87" count="1314" type="cond" truecount="4" falsecount="0"/>
        <line num="88" count="1314" type="stmt"/>
        <line num="90" count="1314" type="stmt"/>
        <line num="96" count="1" type="cond" truecount="1" falsecount="0"/>
        <line num="97" count="331" type="cond" truecount="0" falsecount="1"/>
        <line num="98" count="0" type="stmt"/>
        <line num="99" count="331" type="cond" truecount="1" falsecount="0"/>
        <line num="100" count="1" type="stmt"/>
        <line num="101" count="1" type="cond" truecount="1" falsecount="0"/>
        <line num="102" count="330" type="stmt"/>
        <line num="108" count="330" type="stmt"/>
        <line num="109" count="330" type="stmt"/>
        <line num="130" count="1" type="cond" truecount="1" falsecount="0"/>
        <line num="131" count="330" type="cond" truecount="2" falsecount="0"/>
        <line num="132" count="2" type="stmt"/>
        <line num="133" count="2" type="cond" truecount="1" falsecount="0"/>
        <line num="134" count="328" type="stmt"/>
        <line num="140" count="328" type="stmt"/>
        <line num="141" count="328" type="stmt"/>
        <line num="142" count="328" type="stmt"/>
        <line num="143" count="330" type="cond" truecount="4" falsecount="0"/>
        <line num="144" count="330" type="stmt"/>
        <line num="145" count="330" type="stmt"/>
        <line num="146" count="330" type="stmt"/>
        <line num="147" count="330" type="cond" truecount="2" falsecount="0"/>
        <line num="148" count="6" type="stmt"/>
        <line num="149" count="6" type="cond" truecount="1" falsecount="0"/>
        <line num="150" count="328" type="stmt"/>
        <line num="151" count="328" type="stmt"/>
      </file>
      <file name="gregNamespace.ts" path="/app/src/gregNamespace.ts">
        <metrics statements="7" coveredstatements="7" conditionals="1" coveredconditionals="1" methods="0" coveredmethods="0"/>
        <line num="2" count="1" type="stmt"/>
        <line num="13" count="1" type="cond" truecount="1" falsecount="0"/>
        <line num="21" count="1" type="stmt"/>
        <line num="22" count="1" type="stmt"/>
        <line num="23" count="1" type="stmt"/>
        <line num="24" count="1" type="stmt"/>
        <line num="25" count="1" type="stmt"/>
      </file>
      <file name="hdate.ts" path="/app/src/hdate.ts">
        <metrics statements="347" coveredstatements="342" conditionals="149" coveredconditionals="141" methods="48" coveredmethods="48"/>
        <line num="21" count="1" type="stmt"/>
        <line num="36" count="1" type="stmt"/>
        <line num="37" count="1" type="stmt"/>
        <line num="38" count="1" type="stmt"/>
        <line num="40" count="16" type="cond" truecount="1" falsecount="0"/>
        <line num="41" count="16" type="stmt"/>
        <line num="42" count="16" type="stmt"/>
        <line num="44" count="12" type="cond" truecount="1" falsecount="0"/>
        <line num="45" count="12" type="stmt"/>
        <line num="46" count="12" type="stmt"/>
        <line num="48" count="1" type="stmt"/>
        <line num="49" count="1" type="stmt"/>
        <line num="50" count="1" type="stmt"/>
        <line num="51" count="1" type="stmt"/>
        <line num="97" count="1" type="stmt"/>
        <line num="137" count="1" type="cond" truecount="1" falsecount="0"/>
        <line num="138" count="170" type="stmt"/>
        <line num="139" count="170" type="stmt"/>
        <line num="140" count="170" type="stmt"/>
        <line num="141" count="170" type="stmt"/>
        <line num="142" count="170" type="cond" truecount="2" falsecount="0"/>
        <line num="143" count="1" type="stmt"/>
        <line num="144" count="1" type="cond" truecount="1" falsecount="0"/>
        <line num="145" count="170" type="cond" truecount="1" falsecount="0"/>
        <line num="147" count="78" type="stmt"/>
        <line num="148" count="78" type="stmt"/>
        <line num="149" count="78" type="cond" truecount="0" falsecount="1"/>
        <line num="150" count="78" type="cond" truecount="1" falsecount="0"/>
        <line num="151" count="1" type="stmt"/>
        <line num="152" count="1" type="cond" truecount="1" falsecount="0"/>
        <line num="153" count="77" type="stmt"/>
        <line num="154" count="77" type="stmt"/>
        <line num="155" count="77" type="stmt"/>
        <line num="156" count="78" type="cond" truecount="1" falsecount="1"/>
        <line num="157" count="78" type="cond" truecount="1" falsecount="0"/>
        <line num="158" count="2" type="stmt"/>
        <line num="159" count="2" type="cond" truecount="1" falsecount="0"/>
        <line num="160" count="74" type="stmt"/>
        <line num="161" count="170" type="cond" truecount="1" falsecount="0"/>
        <line num="163" count="91" type="cond" truecount="2" falsecount="0"/>
        <line num="164" count="1" type="stmt"/>
        <line num="165" count="1" type="stmt"/>
        <line num="167" count="91" type="stmt"/>
        <line num="168" count="91" type="cond" truecount="2" falsecount="0"/>
        <line num="169" count="62" type="cond" truecount="1" falsecount="0"/>
        <line num="170" count="29" type="cond" truecount="1" falsecount="0"/>
        <line num="171" count="17" type="cond" truecount="1" falsecount="0"/>
        <line num="172" count="12" type="cond" truecount="1" falsecount="0"/>
        <line num="173" count="11" type="cond" truecount="1" falsecount="0"/>
        <line num="174" count="1" type="stmt"/>
        <line num="175" count="91" type="cond" truecount="1" falsecount="0"/>
        <line num="176" count="1" type="stmt"/>
        <line num="177" count="1" type="cond" truecount="1" falsecount="0"/>
        <line num="178" count="90" type="stmt"/>
        <line num="179" count="91" type="cond" truecount="2" falsecount="0"/>
        <line num="180" count="91" type="stmt"/>
        <line num="181" count="91" type="stmt"/>
        <line num="182" count="91" type="stmt"/>
        <line num="183" count="91" type="cond" truecount="1" falsecount="0"/>
        <line num="184" count="79" type="stmt"/>
        <line num="185" count="79" type="stmt"/>
        <line num="186" count="91" type="stmt"/>
        <line num="187" count="170" type="stmt"/>
        <line num="196" count="1" type="cond" truecount="1" falsecount="0"/>
        <line num="197" count="158" type="stmt"/>
        <line num="198" count="158" type="stmt"/>
        <line num="206" count="1" type="cond" truecount="1" falsecount="0"/>
        <line num="207" count="25" type="stmt"/>
        <line num="208" count="25" type="stmt"/>
        <line num="217" count="1" type="cond" truecount="1" falsecount="0"/>
        <line num="218" count="124" type="stmt"/>
        <line num="219" count="124" type="stmt"/>
        <line num="228" count="1" type="cond" truecount="1" falsecount="0"/>
        <line num="229" count="1" type="stmt"/>
        <line num="230" count="1" type="cond" truecount="0" falsecount="1"/>
        <line num="231" count="1" type="stmt"/>
        <line num="240" count="1" type="cond" truecount="1" falsecount="0"/>
        <line num="241" count="37" type="stmt"/>
        <line num="242" count="37" type="stmt"/>
        <line num="251" count="1" type="cond" truecount="1" falsecount="0"/>
        <line num="252" count="83" type="stmt"/>
        <line num="253" count="83" type="stmt"/>
        <line num="265" count="1" type="cond" truecount="1" falsecount="0"/>
        <line num="266" count="16" type="stmt"/>
        <line num="267" count="16" type="stmt"/>
        <line num="286" count="1" type="cond" truecount="1" falsecount="0"/>
        <line num="287" count="14" type="stmt"/>
        <line num="288" count="14" type="stmt"/>
        <line num="299" count="1" type="cond" truecount="1" falsecount="0"/>
        <line num="300" count="113" type="cond" truecount="1" falsecount="0"/>
        <line num="301" count="36" type="stmt"/>
        <line num="302" count="36" type="stmt"/>
        <line num="303" count="113" type="stmt"/>
        <line num="304" count="113" type="stmt"/>
        <line num="317" count="1" type="cond" truecount="1" falsecount="0"/>
        <line num="318" count="1" type="stmt"/>
        <line num="319" count="1" type="stmt"/>
        <line num="327" count="1" type="cond" truecount="1" falsecount="0"/>
        <line num="328" count="46" type="stmt"/>
        <line num="329" count="46" type="stmt"/>
        <line num="346" count="1" type="cond" truecount="1" falsecount="0"/>
        <line num="347" count="23" type="cond" truecount="1" falsecount="0"/>
        <line num="348" count="23" type="stmt"/>
        <line num="349" count="23" type="stmt"/>
        <line num="350" count="23" type="stmt"/>
        <line num="351" count="23" type="stmt"/>
        <line num="352" count="23" type="stmt"/>
        <line num="353" count="23" type="stmt"/>
        <line num="354" count="23" type="cond" truecount="1" falsecount="0"/>
        <line num="355" count="14" type="stmt"/>
        <line num="356" count="14" type="stmt"/>
        <line num="357" count="23" type="cond" truecount="1" falsecount="0"/>
        <line num="358" count="9" type="stmt"/>
        <line num="359" count="9" type="stmt"/>
        <line num="360" count="23" type="stmt"/>
        <line num="370" count="1" type="cond" truecount="1" falsecount="0"/>
        <line num="371" count="5" type="stmt"/>
        <line num="372" count="5" type="cond" truecount="2" falsecount="0"/>
        <line num="373" count="5" type="stmt"/>
        <line num="374" count="5" type="stmt"/>
        <line num="375" count="5" type="stmt"/>
        <line num="376" count="5" type="stmt"/>
        <line num="385" count="1" type="cond" truecount="1" falsecount="0"/>
        <line num="386" count="1" type="stmt"/>
        <line num="387" count="1" type="stmt"/>
        <line num="398" count="1" type="cond" truecount="1" falsecount="0"/>
        <line num="399" count="3" type="stmt"/>
        <line num="400" count="3" type="stmt"/>
        <line num="410" count="1" type="cond" truecount="1" falsecount="0"/>
        <line num="411" count="2" type="stmt"/>
        <line num="412" count="2" type="stmt"/>
        <line num="423" count="1" type="cond" truecount="1" falsecount="0"/>
        <line num="424" count="3" type="stmt"/>
        <line num="425" count="3" type="stmt"/>
        <line num="436" count="1" type="cond" truecount="1" falsecount="0"/>
        <line num="437" count="3" type="stmt"/>
        <line num="438" count="3" type="stmt"/>
        <line num="446" count="1" type="cond" truecount="1" falsecount="0"/>
        <line num="447" count="3" type="stmt"/>
        <line num="448" count="3" type="stmt"/>
        <line num="456" count="1" type="cond" truecount="1" falsecount="0"/>
        <line num="457" count="3" type="stmt"/>
        <line num="458" count="3" type="stmt"/>
        <line num="473" count="1" type="cond" truecount="1" falsecount="0"/>
        <line num="474" count="20" type="stmt"/>
        <line num="475" count="20" type="cond" truecount="0" falsecount="1"/>
        <line num="476" count="20" type="cond" truecount="1" falsecount="0"/>
        <line num="477" count="1" type="stmt"/>
        <line num="478" count="1" type="cond" truecount="1" falsecount="0"/>
        <line num="479" count="19" type="stmt"/>
        <line num="480" count="20" type="cond" truecount="1" falsecount="0"/>
        <line num="481" count="4" type="stmt"/>
        <line num="482" count="20" type="cond" truecount="2" falsecount="0"/>
        <line num="483" count="3" type="stmt"/>
        <line num="484" count="13" type="cond" truecount="2" falsecount="0"/>
        <line num="485" count="3" type="stmt"/>
        <line num="486" count="3" type="stmt"/>
        <line num="487" count="3" type="stmt"/>
        <line num="488" count="3" type="stmt"/>
        <line num="489" count="3" type="stmt"/>
        <line num="490" count="10" type="cond" truecount="1" falsecount="0"/>
        <line num="492" count="7" type="stmt"/>
        <line num="493" count="7" type="cond" truecount="2" falsecount="0"/>
        <line num="494" count="7" type="stmt"/>
        <line num="495" count="7" type="cond" truecount="1" falsecount="0"/>
        <line num="496" count="31" type="stmt"/>
        <line num="497" count="31" type="stmt"/>
        <line num="498" count="7" type="stmt"/>
        <line num="499" count="7" type="stmt"/>
        <line num="500" count="20" type="stmt"/>
        <line num="521" count="1" type="cond" truecount="1" falsecount="0"/>
        <line num="522" count="2" type="stmt"/>
        <line num="523" count="2" type="stmt"/>
        <line num="541" count="1" type="cond" truecount="1" falsecount="0"/>
        <line num="542" count="5" type="stmt"/>
        <line num="543" count="5" type="stmt"/>
        <line num="553" count="1" type="cond" truecount="1" falsecount="0"/>
        <line num="554" count="4" type="cond" truecount="2" falsecount="0"/>
        <line num="555" count="4" type="stmt"/>
        <line num="563" count="1" type="cond" truecount="1" falsecount="0"/>
        <line num="564" count="18" type="stmt"/>
        <line num="565" count="18" type="stmt"/>
        <line num="566" count="18" type="stmt"/>
        <line num="567" count="18" type="stmt"/>
        <line num="568" count="18" type="stmt"/>
        <line num="577" count="1" type="cond" truecount="1" falsecount="0"/>
        <line num="578" count="2" type="stmt"/>
        <line num="579" count="2" type="stmt"/>
        <line num="588" count="1" type="cond" truecount="1" falsecount="0"/>
        <line num="589" count="2" type="stmt"/>
        <line num="590" count="2" type="stmt"/>
        <line num="600" count="1" type="cond" truecount="1" falsecount="0"/>
        <line num="601" count="6" type="stmt"/>
        <line num="602" count="6" type="stmt"/>
        <line num="613" count="1" type="cond" truecount="1" falsecount="0"/>
        <line num="614" count="1" type="stmt"/>
        <line num="615" count="1" type="stmt"/>
        <line num="626" count="1" type="cond" truecount="1" falsecount="0"/>
        <line num="627" count="77" type="cond" truecount="1" falsecount="0"/>
        <line num="628" count="66" type="cond" truecount="2" falsecount="0"/>
        <line num="629" count="1" type="stmt"/>
        <line num="630" count="1" type="cond" truecount="1" falsecount="0"/>
        <line num="631" count="65" type="stmt"/>
        <line num="632" count="65" type="cond" truecount="1" falsecount="0"/>
        <line num="633" count="11" type="cond" truecount="0" falsecount="1"/>
        <line num="634" count="0" type="cond" truecount="1" falsecount="0"/>
        <line num="635" count="11" type="stmt"/>
        <line num="636" count="77" type="stmt"/>
        <line num="647" count="1" type="cond" truecount="1" falsecount="0"/>
        <line num="648" count="2" type="stmt"/>
        <line num="649" count="2" type="stmt"/>
        <line num="658" count="1" type="cond" truecount="1" falsecount="0"/>
        <line num="659" count="2" type="stmt"/>
        <line num="660" count="2" type="stmt"/>
        <line num="669" count="1" type="cond" truecount="1" falsecount="0"/>
        <line num="670" count="2" type="stmt"/>
        <line num="671" count="2" type="stmt"/>
        <line num="681" count="1" type="cond" truecount="1" falsecount="0"/>
        <line num="682" count="62" type="stmt"/>
        <line num="683" count="62" type="stmt"/>
        <line num="695" count="1" type="cond" truecount="1" falsecount="0"/>
        <line num="696" count="12" type="stmt"/>
        <line num="697" count="12" type="stmt"/>
        <line num="708" count="1" type="cond" truecount="1" falsecount="0"/>
        <line num="709" count="7" type="stmt"/>
        <line num="710" count="7" type="cond" truecount="1" falsecount="0"/>
        <line num="711" count="6" type="cond" truecount="1" falsecount="0"/>
        <line num="712" count="4" type="cond" truecount="1" falsecount="0"/>
        <line num="713" count="2" type="cond" truecount="1" falsecount="0"/>
        <line num="714" count="2" type="cond" truecount="1" falsecount="0"/>
        <line num="715" count="2" type="cond" truecount="1" falsecount="0"/>
        <line num="716" count="2" type="stmt"/>
        <line num="718" count="7" type="stmt"/>
        <line num="727" count="1" type="cond" truecount="1" falsecount="0"/>
        <line num="728" count="10" type="cond" truecount="1" falsecount="0"/>
        <line num="729" count="10" type="stmt"/>
        <line num="730" count="10" type="cond" truecount="2" falsecount="0"/>
        <line num="731" count="1" type="stmt"/>
        <line num="732" count="1" type="cond" truecount="1" falsecount="0"/>
        <line num="733" count="9" type="stmt"/>
        <line num="734" count="10" type="cond" truecount="2" falsecount="0"/>
        <line num="735" count="10" type="stmt"/>
        <line num="736" count="10" type="cond" truecount="2" falsecount="0"/>
        <line num="737" count="10" type="stmt"/>
        <line num="738" count="10" type="cond" truecount="1" falsecount="0"/>
        <line num="739" count="7" type="stmt"/>
        <line num="740" count="7" type="cond" truecount="1" falsecount="0"/>
        <line num="741" count="9" type="stmt"/>
        <line num="742" count="10" type="stmt"/>
        <line num="743" count="1" type="stmt"/>
        <line num="745" count="19" type="cond" truecount="1" falsecount="0"/>
        <line num="746" count="19" type="stmt"/>
        <line num="747" count="19" type="cond" truecount="1" falsecount="0"/>
        <line num="748" count="1" type="stmt"/>
        <line num="749" count="19" type="cond" truecount="1" falsecount="0"/>
        <line num="750" count="1" type="stmt"/>
        <line num="751" count="19" type="cond" truecount="1" falsecount="0"/>
        <line num="752" count="1" type="stmt"/>
        <line num="753" count="19" type="cond" truecount="1" falsecount="0"/>
        <line num="754" count="1" type="stmt"/>
        <line num="755" count="19" type="cond" truecount="1" falsecount="0"/>
        <line num="756" count="19" type="cond" truecount="0" falsecount="1"/>
        <line num="757" count="19" type="stmt"/>
        <line num="758" count="19" type="stmt"/>
        <line num="759" count="19" type="stmt"/>
        <line num="760" count="19" type="cond" truecount="1" falsecount="0"/>
        <line num="761" count="19" type="cond" truecount="1" falsecount="0"/>
        <line num="762" count="19" type="cond" truecount="1" falsecount="0"/>
        <line num="763" count="19" type="cond" truecount="1" falsecount="0"/>
        <line num="764" count="13" type="stmt"/>
        <line num="765" count="19" type="cond" truecount="1" falsecount="0"/>
        <line num="766" count="2" type="stmt"/>
        <line num="767" count="2" type="stmt"/>
        <line num="769" count="23" type="cond" truecount="1" falsecount="0"/>
        <line num="770" count="23" type="stmt"/>
        <line num="771" count="23" type="cond" truecount="1" falsecount="0"/>
        <line num="772" count="23" type="cond" truecount="1" falsecount="0"/>
        <line num="773" count="23" type="cond" truecount="1" falsecount="0"/>
        <line num="774" count="23" type="cond" truecount="1" falsecount="0"/>
        <line num="775" count="20" type="stmt"/>
        <line num="776" count="23" type="cond" truecount="1" falsecount="0"/>
        <line num="777" count="3" type="stmt"/>
        <line num="778" count="23" type="cond" truecount="1" falsecount="0"/>
        <line num="779" count="3" type="stmt"/>
        <line num="780" count="23" type="cond" truecount="0" falsecount="1"/>
        <line num="781" count="0" type="stmt"/>
        <line num="782" count="0" type="cond" truecount="1" falsecount="0"/>
        <line num="783" count="23" type="cond" truecount="0" falsecount="1"/>
        <line num="784" count="0" type="stmt"/>
        <line num="785" count="0" type="cond" truecount="1" falsecount="0"/>
        <line num="786" count="3" type="stmt"/>
        <line num="787" count="3" type="stmt"/>
        <line num="794" count="77" type="cond" truecount="1" falsecount="0"/>
        <line num="795" count="77" type="stmt"/>
        <line num="796" count="77" type="stmt"/>
        <line num="797" count="77" type="stmt"/>
        <line num="798" count="77" type="stmt"/>
        <line num="800" count="74" type="cond" truecount="1" falsecount="0"/>
        <line num="801" count="74" type="stmt"/>
        <line num="802" count="74" type="stmt"/>
        <line num="803" count="74" type="stmt"/>
        <line num="804" count="74" type="stmt"/>
        <line num="806" count="170" type="cond" truecount="1" falsecount="0"/>
        <line num="807" count="170" type="stmt"/>
        <line num="808" count="170" type="stmt"/>
        <line num="809" count="170" type="stmt"/>
        <line num="811" count="170" type="cond" truecount="1" falsecount="0"/>
        <line num="812" count="170" type="cond" truecount="1" falsecount="0"/>
        <line num="813" count="1" type="stmt"/>
        <line num="814" count="1" type="stmt"/>
        <line num="815" count="1" type="stmt"/>
        <line num="816" count="1" type="stmt"/>
        <line num="817" count="1" type="stmt"/>
        <line num="818" count="1" type="stmt"/>
        <line num="819" count="1" type="stmt"/>
        <line num="820" count="170" type="cond" truecount="1" falsecount="0"/>
        <line num="821" count="8" type="cond" truecount="1" falsecount="0"/>
        <line num="822" count="1" type="stmt"/>
        <line num="823" count="1" type="stmt"/>
        <line num="824" count="8" type="stmt"/>
        <line num="825" count="8" type="cond" truecount="1" falsecount="0"/>
        <line num="826" count="4" type="stmt"/>
        <line num="827" count="4" type="stmt"/>
        <line num="828" count="4" type="stmt"/>
        <line num="829" count="4" type="stmt"/>
        <line num="830" count="8" type="stmt"/>
        <line num="831" count="8" type="stmt"/>
        <line num="832" count="170" type="stmt"/>
        <line num="833" count="170" type="stmt"/>
        <line num="835" count="340" type="cond" truecount="1" falsecount="0"/>
        <line num="836" count="340" type="cond" truecount="2" falsecount="0"/>
        <line num="837" count="5" type="stmt"/>
        <line num="838" count="5" type="stmt"/>
        <line num="839" count="340" type="cond" truecount="2" falsecount="0"/>
        <line num="840" count="4" type="stmt"/>
        <line num="841" count="4" type="stmt"/>
        <line num="842" count="4" type="stmt"/>
        <line num="843" count="335" type="cond" truecount="2" falsecount="0"/>
        <line num="844" count="2" type="stmt"/>
        <line num="845" count="2" type="stmt"/>
        <line num="846" count="2" type="stmt"/>
        <line num="847" count="2" type="stmt"/>
        <line num="848" count="340" type="stmt"/>
        <line num="849" count="340" type="stmt"/>
        <line num="851" count="12" type="cond" truecount="1" falsecount="0"/>
        <line num="852" count="12" type="stmt"/>
        <line num="853" count="12" type="stmt"/>
      </file>
      <file name="hdateBase.ts" path="/app/src/hdateBase.ts">
        <metrics statements="283" coveredstatements="281" conditionals="114" coveredconditionals="114" methods="15" coveredmethods="14"/>
        <line num="4" count="1" type="stmt"/>
        <line num="6" count="1" type="stmt"/>
        <line num="7" count="1" type="stmt"/>
        <line num="8" count="1" type="stmt"/>
        <line num="9" count="1" type="stmt"/>
        <line num="10" count="1" type="stmt"/>
        <line num="11" count="1" type="stmt"/>
        <line num="12" count="1" type="stmt"/>
        <line num="13" count="1" type="stmt"/>
        <line num="14" count="1" type="stmt"/>
        <line num="15" count="1" type="stmt"/>
        <line num="16" count="1" type="stmt"/>
        <line num="17" count="1" type="stmt"/>
        <line num="18" count="1" type="stmt"/>
        <line num="25" count="1" type="stmt"/>
        <line num="27" count="1" type="stmt"/>
        <line num="29" count="1" type="stmt"/>
        <line num="31" count="1" type="stmt"/>
        <line num="33" count="1" type="stmt"/>
        <line num="35" count="1" type="stmt"/>
        <line num="37" count="1" type="stmt"/>
        <line num="39" count="1" type="stmt"/>
        <line num="41" count="1" type="stmt"/>
        <line num="43" count="1" type="stmt"/>
        <line num="45" count="1" type="stmt"/>
        <line num="47" count="1" type="stmt"/>
        <line num="49" count="1" type="stmt"/>
        <line num="51" count="1" type="stmt"/>
        <line num="52" count="1" type="stmt"/>
        <line num="54" count="1" type="stmt"/>
        <line num="55" count="1" type="stmt"/>
        <line num="56" count="1" type="stmt"/>
        <line num="57" count="1" type="stmt"/>
        <line num="58" count="1" type="stmt"/>
        <line num="59" count="1" type="stmt"/>
        <line num="60" count="1" type="stmt"/>
        <line num="61" count="1" type="stmt"/>
        <line num="62" count="1" type="stmt"/>
        <line num="63" count="1" type="stmt"/>
        <line num="64" count="1" type="stmt"/>
        <line num="65" count="1" type="stmt"/>
        <line num="66" count="1" type="stmt"/>
        <line num="67" count="1" type="stmt"/>
        <line num="68" count="1" type="stmt"/>
        <line num="75" count="1" type="stmt"/>
        <line num="76" count="1" type="stmt"/>
        <line num="77" count="1" type="stmt"/>
        <line num="78" count="1" type="stmt"/>
        <line num="97" count="1" type="stmt"/>
        <line num="99" count="1" type="stmt"/>
        <line num="101" count="1" type="stmt"/>
        <line num="106" count="53379" type="cond" truecount="1" falsecount="0"/>
        <line num="107" count="53379" type="cond" truecount="1" falsecount="0"/>
        <line num="108" count="2" type="stmt"/>
        <line num="109" count="2" type="stmt"/>
        <line num="110" count="53379" type="stmt"/>
        <line num="122" count="1" type="cond" truecount="1" falsecount="0"/>
        <line num="123" count="16809" type="stmt"/>
        <line num="124" count="16809" type="stmt"/>
        <line num="125" count="16809" type="stmt"/>
        <line num="127" count="16809" type="cond" truecount="1" falsecount="0"/>
        <line num="128" count="1" type="stmt"/>
        <line num="129" count="1" type="cond" truecount="1" falsecount="0"/>
        <line num="131" count="16808" type="stmt"/>
        <line num="133" count="16809" type="cond" truecount="1" falsecount="0"/>
        <line num="134" count="9299" type="cond" truecount="1" falsecount="0"/>
        <line num="135" count="59289" type="stmt"/>
        <line num="136" count="59289" type="stmt"/>
        <line num="137" count="9299" type="cond" truecount="1" falsecount="0"/>
        <line num="138" count="11840" type="stmt"/>
        <line num="139" count="11840" type="stmt"/>
        <line num="140" count="16809" type="cond" truecount="1" falsecount="0"/>
        <line num="141" count="7509" type="cond" truecount="1" falsecount="0"/>
        <line num="142" count="16998" type="stmt"/>
        <line num="143" count="16998" type="stmt"/>
        <line num="144" count="7509" type="cond" truecount="1" falsecount="0"/>
        <line num="146" count="16808" type="stmt"/>
        <line num="147" count="16808" type="stmt"/>
        <line num="154" count="1" type="stmt"/>
        <line num="155" count="0" type="stmt"/>
        <line num="156" count="0" type="stmt"/>
        <line num="161" count="8569" type="cond" truecount="1" falsecount="0"/>
        <line num="162" count="8569" type="stmt"/>
        <line num="163" count="8569" type="stmt"/>
        <line num="178" count="1" type="cond" truecount="1" falsecount="0"/>
        <line num="179" count="2837" type="stmt"/>
        <line num="180" count="2837" type="stmt"/>
        <line num="181" count="2837" type="cond" truecount="1" falsecount="0"/>
        <line num="182" count="1" type="stmt"/>
        <line num="183" count="1" type="cond" truecount="1" falsecount="0"/>
        <line num="185" count="2835" type="stmt"/>
        <line num="186" count="2837" type="cond" truecount="1" falsecount="0"/>
        <line num="187" count="5734" type="stmt"/>
        <line num="188" count="5734" type="cond" truecount="1" falsecount="0"/>
        <line num="189" count="2835" type="stmt"/>
        <line num="191" count="2837" type="cond" truecount="2" falsecount="0"/>
        <line num="192" count="2837" type="cond" truecount="1" falsecount="0"/>
        <line num="193" count="7897" type="stmt"/>
        <line num="194" count="7897" type="cond" truecount="1" falsecount="0"/>
        <line num="196" count="2835" type="stmt"/>
        <line num="197" count="2835" type="stmt"/>
        <line num="198" count="2835" type="stmt"/>
        <line num="204" count="1" type="cond" truecount="1" falsecount="0"/>
        <line num="205" count="80074" type="stmt"/>
        <line num="206" count="80074" type="stmt"/>
        <line num="212" count="1" type="cond" truecount="1" falsecount="0"/>
        <line num="213" count="69009" type="stmt"/>
        <line num="214" count="69009" type="stmt"/>
        <line num="221" count="1" type="cond" truecount="1" falsecount="0"/>
        <line num="222" count="99091" type="stmt"/>
        <line num="223" count="99091" type="cond" truecount="1" falsecount="0"/>
        <line num="224" count="99091" type="cond" truecount="1" falsecount="0"/>
        <line num="225" count="99091" type="cond" truecount="1" falsecount="0"/>
        <line num="226" count="99091" type="cond" truecount="1" falsecount="0"/>
        <line num="227" count="99091" type="cond" truecount="1" falsecount="0"/>
        <line num="228" count="22472" type="stmt"/>
        <line num="229" count="99091" type="cond" truecount="1" falsecount="0"/>
        <line num="230" count="76619" type="stmt"/>
        <line num="231" count="99091" type="cond" truecount="1" falsecount="0"/>
        <line num="232" count="76619" type="stmt"/>
        <line num="233" count="99091" type="cond" truecount="2" falsecount="0"/>
        <line num="234" count="70614" type="cond" truecount="2" falsecount="0"/>
        <line num="235" count="62584" type="cond" truecount="1" falsecount="0"/>
        <line num="236" count="99091" type="cond" truecount="1" falsecount="0"/>
        <line num="237" count="17303" type="stmt"/>
        <line num="238" count="99091" type="cond" truecount="1" falsecount="0"/>
        <line num="239" count="59316" type="stmt"/>
        <line num="240" count="59316" type="stmt"/>
        <line num="241" count="99091" type="stmt"/>
        <line num="249" count="1" type="cond" truecount="1" falsecount="0"/>
        <line num="250" count="58" type="stmt"/>
        <line num="251" count="58" type="stmt"/>
        <line num="252" count="58" type="cond" truecount="2" falsecount="0"/>
        <line num="253" count="2" type="stmt"/>
        <line num="254" count="2" type="cond" truecount="1" falsecount="0"/>
        <line num="255" count="55" type="stmt"/>
        <line num="256" count="55" type="stmt"/>
        <line num="263" count="1" type="cond" truecount="1" falsecount="0"/>
        <line num="264" count="102726" type="stmt"/>
        <line num="265" count="102726" type="cond" truecount="1" falsecount="0"/>
        <line num="266" count="92620" type="stmt"/>
        <line num="267" count="92620" type="cond" truecount="1" falsecount="0"/>
        <line num="268" count="10106" type="stmt"/>
        <line num="269" count="10106" type="stmt"/>
        <line num="270" count="10106" type="stmt"/>
        <line num="271" count="10106" type="stmt"/>
        <line num="279" count="10106" type="cond" truecount="1" falsecount="0"/>
        <line num="280" count="10106" type="stmt"/>
        <line num="281" count="10106" type="stmt"/>
        <line num="282" count="10106" type="stmt"/>
        <line num="283" count="10106" type="stmt"/>
        <line num="284" count="10106" type="stmt"/>
        <line num="286" count="10106" type="stmt"/>
        <line num="288" count="10106" type="stmt"/>
        <line num="289" count="10106" type="stmt"/>
        <line num="290" count="10106" type="stmt"/>
        <line num="291" count="10106" type="stmt"/>
        <line num="292" count="10106" type="stmt"/>
        <line num="294" count="10106" type="stmt"/>
        <line num="296" count="10106" type="stmt"/>
        <line num="297" count="10106" type="stmt"/>
        <line num="299" count="10106" type="stmt"/>
        <line num="300" count="10106" type="cond" truecount="1" falsecount="0"/>
        <line num="301" count="7585" type="cond" truecount="3" falsecount="0"/>
        <line num="302" count="7251" type="cond" truecount="2" falsecount="0"/>
        <line num="303" count="10106" type="cond" truecount="1" falsecount="0"/>
        <line num="304" count="2913" type="stmt"/>
        <line num="305" count="2913" type="stmt"/>
        <line num="307" count="10106" type="cond" truecount="3" falsecount="0"/>
        <line num="308" count="4668" type="stmt"/>
        <line num="309" count="10106" type="cond" truecount="1" falsecount="0"/>
        <line num="310" count="5438" type="stmt"/>
        <line num="311" count="5438" type="stmt"/>
        <line num="312" count="10106" type="stmt"/>
        <line num="320" count="1" type="cond" truecount="1" falsecount="0"/>
        <line num="321" count="38668" type="stmt"/>
        <line num="322" count="38668" type="stmt"/>
        <line num="328" count="1" type="cond" truecount="1" falsecount="0"/>
        <line num="329" count="15121" type="stmt"/>
        <line num="330" count="15121" type="stmt"/>
        <line num="336" count="1" type="cond" truecount="1" falsecount="0"/>
        <line num="337" count="13523" type="stmt"/>
        <line num="338" count="13523" type="stmt"/>
        <line num="344" count="1" type="cond" truecount="1" falsecount="0"/>
        <line num="345" count="147" type="cond" truecount="1" falsecount="0"/>
        <line num="346" count="4" type="cond" truecount="3" falsecount="0"/>
        <line num="347" count="3" type="stmt"/>
        <line num="348" count="3" type="cond" truecount="1" falsecount="0"/>
        <line num="349" count="1" type="stmt"/>
        <line num="350" count="1" type="cond" truecount="1" falsecount="0"/>
        <line num="351" count="143" type="stmt"/>
        <line num="353" count="143" type="stmt"/>
        <line num="355" count="147" type="cond" truecount="1" falsecount="0"/>
        <line num="356" count="3" type="stmt"/>
        <line num="357" count="3" type="cond" truecount="1" falsecount="0"/>
        <line num="380" count="143" type="stmt"/>
        <line num="381" count="147" type="cond" truecount="1" falsecount="0"/>
        <line num="382" count="147" type="cond" truecount="1" falsecount="0"/>
        <line num="383" count="14" type="cond" truecount="1" falsecount="0"/>
        <line num="384" count="2" type="stmt"/>
        <line num="385" count="2" type="cond" truecount="1" falsecount="0"/>
        <line num="386" count="12" type="stmt"/>
        <line num="387" count="147" type="cond" truecount="1" falsecount="0"/>
        <line num="388" count="8" type="stmt"/>
        <line num="389" count="147" type="cond" truecount="1" falsecount="0"/>
        <line num="390" count="4" type="stmt"/>
        <line num="391" count="147" type="cond" truecount="1" falsecount="0"/>
        <line num="392" count="147" type="cond" truecount="1" falsecount="0"/>
        <line num="393" count="10" type="stmt"/>
        <line num="394" count="147" type="cond" truecount="1" falsecount="0"/>
        <line num="395" count="147" type="cond" truecount="1" falsecount="0"/>
        <line num="396" count="6" type="stmt"/>
        <line num="397" count="147" type="cond" truecount="1" falsecount="0"/>
        <line num="398" count="14" type="stmt"/>
        <line num="399" count="14" type="cond" truecount="1" falsecount="0"/>
        <line num="400" count="6" type="stmt"/>
        <line num="401" count="14" type="cond" truecount="1" falsecount="0"/>
        <line num="402" count="6" type="stmt"/>
        <line num="403" count="14" type="cond" truecount="1" falsecount="0"/>
        <line num="404" count="2" type="stmt"/>
        <line num="405" count="14" type="cond" truecount="1" falsecount="0"/>
        <line num="406" count="2" type="stmt"/>
        <line num="407" count="147" type="cond" truecount="1" falsecount="0"/>
        <line num="408" count="15" type="stmt"/>
        <line num="409" count="15" type="cond" truecount="1" falsecount="0"/>
        <line num="410" count="7" type="stmt"/>
        <line num="411" count="15" type="cond" truecount="1" falsecount="0"/>
        <line num="412" count="3" type="stmt"/>
        <line num="413" count="15" type="cond" truecount="1" falsecount="0"/>
        <line num="414" count="3" type="stmt"/>
        <line num="415" count="15" type="cond" truecount="1" falsecount="0"/>
        <line num="416" count="2" type="stmt"/>
        <line num="417" count="15" type="cond" truecount="1" falsecount="0"/>
        <line num="418" count="2" type="stmt"/>
        <line num="419" count="147" type="cond" truecount="1" falsecount="0"/>
        <line num="420" count="20" type="stmt"/>
        <line num="421" count="20" type="cond" truecount="1" falsecount="0"/>
        <line num="422" count="2" type="stmt"/>
        <line num="423" count="20" type="cond" truecount="1" falsecount="0"/>
        <line num="424" count="16" type="cond" truecount="1" falsecount="0"/>
        <line num="425" count="8" type="stmt"/>
        <line num="426" count="8" type="stmt"/>
        <line num="427" count="8" type="stmt"/>
        <line num="428" count="20" type="cond" truecount="1" falsecount="0"/>
        <line num="429" count="2" type="stmt"/>
        <line num="430" count="20" type="cond" truecount="1" falsecount="0"/>
        <line num="431" count="2" type="stmt"/>
        <line num="432" count="147" type="cond" truecount="1" falsecount="0"/>
        <line num="433" count="5" type="stmt"/>
        <line num="434" count="147" type="cond" truecount="1" falsecount="0"/>
        <line num="435" count="2" type="stmt"/>
        <line num="436" count="147" type="cond" truecount="1" falsecount="0"/>
        <line num="437" count="2" type="stmt"/>
        <line num="438" count="147" type="cond" truecount="1" falsecount="0"/>
        <line num="439" count="32" type="stmt"/>
        <line num="440" count="32" type="cond" truecount="1" falsecount="0"/>
        <line num="441" count="3" type="stmt"/>
        <line num="442" count="32" type="cond" truecount="1" falsecount="0"/>
        <line num="443" count="17" type="cond" truecount="1" falsecount="0"/>
        <line num="444" count="8" type="stmt"/>
        <line num="445" count="8" type="cond" truecount="1" falsecount="0"/>
        <line num="446" count="9" type="stmt"/>
        <line num="447" count="32" type="cond" truecount="1" falsecount="0"/>
        <line num="448" count="8" type="stmt"/>
        <line num="449" count="32" type="cond" truecount="1" falsecount="0"/>
        <line num="450" count="2" type="stmt"/>
        <line num="451" count="32" type="cond" truecount="1" falsecount="0"/>
        <line num="452" count="2" type="stmt"/>
        <line num="453" count="32" type="cond" truecount="1" falsecount="0"/>
        <line num="454" count="2" type="stmt"/>
        <line num="455" count="147" type="cond" truecount="1" falsecount="0"/>
        <line num="456" count="7" type="stmt"/>
        <line num="457" count="7" type="cond" truecount="1" falsecount="0"/>
        <line num="458" count="3" type="stmt"/>
        <line num="459" count="7" type="cond" truecount="1" falsecount="0"/>
        <line num="460" count="2" type="stmt"/>
        <line num="461" count="7" type="cond" truecount="1" falsecount="0"/>
        <line num="462" count="2" type="stmt"/>
        <line num="463" count="7" type="cond" truecount="1" falsecount="0"/>
        <line num="464" count="2" type="stmt"/>
        <line num="465" count="147" type="cond" truecount="1" falsecount="0"/>
        <line num="466" count="16" type="stmt"/>
        <line num="467" count="16" type="stmt"/>
      </file>
      <file name="he.po.ts" path="/app/src/he.po.ts">
        <metrics statements="1" coveredstatements="1" conditionals="0" coveredconditionals="0" methods="0" coveredmethods="0"/>
        <line num="1" count="1" type="stmt"/>
      </file>
      <file name="hebrewStripNikkud.ts" path="/app/src/hebrewStripNikkud.ts">
        <metrics statements="4" coveredstatements="4" conditionals="1" coveredconditionals="1" methods="1" coveredmethods="1"/>
        <line num="4" count="1" type="cond" truecount="1" falsecount="0"/>
        <line num="5" count="173" type="stmt"/>
        <line num="7" count="173" type="stmt"/>
        <line num="8" count="173" type="stmt"/>
      </file>
      <file name="index.ts" path="/app/src/index.ts">
        <metrics statements="10" coveredstatements="0" conditionals="1" coveredconditionals="0" methods="1" coveredmethods="0"/>
        <line num="1" count="0" type="cond" truecount="0" falsecount="1"/>
        <line num="2" count="0" type="stmt"/>
        <line num="3" count="0" type="stmt"/>
        <line num="4" count="0" type="stmt"/>
        <line num="5" count="0" type="stmt"/>
        <line num="6" count="0" type="stmt"/>
        <line num="7" count="0" type="stmt"/>
        <line num="8" count="0" type="stmt"/>
        <line num="9" count="0" type="stmt"/>
        <line num="10" count="0" type="stmt"/>
      </file>
      <file name="locale.ts" path="/app/src/locale.ts">
        <metrics statements="155" coveredstatements="146" conditionals="55" coveredconditionals="49" methods="13" coveredmethods="13"/>
        <line num="1" count="1" type="stmt"/>
        <line num="2" count="1" type="stmt"/>
        <line num="3" count="1" type="stmt"/>
        <line num="17" count="1" type="stmt"/>
        <line num="18" count="1" type="stmt"/>
        <line num="19" count="1" type="stmt"/>
        <line num="20" count="1" type="stmt"/>
        <line num="26" count="1" type="stmt"/>
        <line num="27" count="1" type="stmt"/>
        <line num="28" count="1" type="stmt"/>
        <line num="29" count="1" type="stmt"/>
        <line num="30" count="1" type="stmt"/>
        <line num="31" count="1" type="stmt"/>
        <line num="34" count="1" type="stmt"/>
        <line num="36" count="1" type="stmt"/>
        <line num="38" count="1" type="stmt"/>
        <line num="41" count="27" type="cond" truecount="1" falsecount="0"/>
        <line num="42" count="27" type="stmt"/>
        <line num="43" count="27" type="stmt"/>
        <line num="44" count="27" type="cond" truecount="1" falsecount="0"/>
        <line num="45" count="27" type="stmt"/>
        <line num="48" count="55" type="cond" truecount="1" falsecount="0"/>
        <line num="49" count="55" type="cond" truecount="0" falsecount="1"/>
        <line num="50" count="0" type="stmt"/>
        <line num="51" count="0" type="stmt"/>
        <line num="52" count="55" type="stmt"/>
        <line num="53" count="55" type="stmt"/>
        <line num="56" count="24" type="cond" truecount="1" falsecount="0"/>
        <line num="57" count="24" type="stmt"/>
        <line num="58" count="24" type="stmt"/>
        <line num="59" count="24" type="cond" truecount="1" falsecount="0"/>
        <line num="60" count="1" type="stmt"/>
        <line num="61" count="1" type="cond" truecount="1" falsecount="0"/>
        <line num="62" count="23" type="stmt"/>
        <line num="63" count="23" type="stmt"/>
        <line num="73" count="1" type="stmt"/>
        <line num="80" count="1" type="cond" truecount="1" falsecount="0"/>
        <line num="81" count="44" type="stmt"/>
        <line num="82" count="44" type="cond" truecount="0" falsecount="1"/>
        <line num="83" count="0" type="stmt"/>
        <line num="84" count="44" type="stmt"/>
        <line num="85" count="44" type="cond" truecount="3" falsecount="0"/>
        <line num="86" count="18" type="stmt"/>
        <line num="87" count="18" type="cond" truecount="1" falsecount="0"/>
        <line num="88" count="26" type="stmt"/>
        <line num="89" count="44" type="stmt"/>
        <line num="96" count="1" type="cond" truecount="1" falsecount="0"/>
        <line num="97" count="31" type="stmt"/>
        <line num="98" count="31" type="cond" truecount="1" falsecount="0"/>
        <line num="99" count="18" type="stmt"/>
        <line num="100" count="18" type="cond" truecount="1" falsecount="0"/>
        <line num="101" count="13" type="stmt"/>
        <line num="102" count="31" type="stmt"/>
        <line num="109" count="1" type="cond" truecount="1" falsecount="0"/>
        <line num="110" count="17" type="stmt"/>
        <line num="111" count="17" type="stmt"/>
        <line num="112" count="17" type="stmt"/>
        <line num="113" count="17" type="stmt"/>
        <line num="114" count="17" type="cond" truecount="0" falsecount="1"/>
        <line num="115" count="0" type="stmt"/>
        <line num="116" count="0" type="stmt"/>
        <line num="117" count="17" type="stmt"/>
        <line num="118" count="17" type="stmt"/>
        <line num="126" count="1" type="cond" truecount="1" falsecount="0"/>
        <line num="127" count="9" type="stmt"/>
        <line num="128" count="9" type="stmt"/>
        <line num="129" count="9" type="stmt"/>
        <line num="130" count="9" type="stmt"/>
        <line num="131" count="9" type="stmt"/>
        <line num="132" count="9" type="cond" truecount="2" falsecount="0"/>
        <line num="133" count="2" type="stmt"/>
        <line num="134" count="2" type="cond" truecount="1" falsecount="0"/>
        <line num="135" count="7" type="stmt"/>
        <line num="136" count="9" type="cond" truecount="1" falsecount="0"/>
        <line num="137" count="3" type="stmt"/>
        <line num="138" count="3" type="cond" truecount="2" falsecount="0"/>
        <line num="139" count="2" type="stmt"/>
        <line num="140" count="2" type="stmt"/>
        <line num="141" count="9" type="cond" truecount="2" falsecount="0"/>
        <line num="142" count="3" type="stmt"/>
        <line num="143" count="3" type="cond" truecount="1" falsecount="0"/>
        <line num="144" count="9" type="cond" truecount="2" falsecount="0"/>
        <line num="145" count="9" type="stmt"/>
        <line num="151" count="1" type="cond" truecount="1" falsecount="0"/>
        <line num="152" count="1" type="stmt"/>
        <line num="153" count="1" type="stmt"/>
        <line num="154" count="1" type="stmt"/>
        <line num="155" count="1" type="stmt"/>
        <line num="156" count="1" type="cond" truecount="0" falsecount="1"/>
        <line num="157" count="0" type="stmt"/>
        <line num="158" count="0" type="stmt"/>
        <line num="159" count="1" type="stmt"/>
        <line num="160" count="1" type="stmt"/>
        <line num="161" count="1" type="stmt"/>
        <line num="169" count="1" type="cond" truecount="1" falsecount="0"/>
        <line num="170" count="14" type="stmt"/>
        <line num="171" count="14" type="stmt"/>
        <line num="172" count="14" type="cond" truecount="1" falsecount="0"/>
        <line num="173" count="14" type="stmt"/>
        <line num="174" count="14" type="stmt"/>
        <line num="175" count="14" type="stmt"/>
        <line num="181" count="1" type="cond" truecount="1" falsecount="0"/>
        <line num="182" count="5" type="stmt"/>
        <line num="183" count="5" type="stmt"/>
        <line num="188" count="1" type="cond" truecount="1" falsecount="0"/>
        <line num="189" count="1" type="stmt"/>
        <line num="190" count="1" type="cond" truecount="1" falsecount="0"/>
        <line num="191" count="1" type="stmt"/>
        <line num="197" count="1" type="cond" truecount="1" falsecount="0"/>
        <line num="198" count="35" type="cond" truecount="1" falsecount="0"/>
        <line num="199" count="35" type="cond" truecount="1" falsecount="0"/>
        <line num="200" count="35" type="cond" truecount="0" falsecount="1"/>
        <line num="201" count="0" type="stmt"/>
        <line num="202" count="0" type="stmt"/>
        <line num="203" count="35" type="stmt"/>
        <line num="204" count="35" type="cond" truecount="1" falsecount="0"/>
        <line num="205" count="35" type="cond" truecount="1" falsecount="0"/>
        <line num="206" count="35" type="cond" truecount="1" falsecount="0"/>
        <line num="207" count="17" type="stmt"/>
        <line num="208" count="35" type="cond" truecount="1" falsecount="0"/>
        <line num="209" count="1" type="stmt"/>
        <line num="210" count="35" type="cond" truecount="0" falsecount="1"/>
        <line num="211" count="35" type="cond" truecount="1" falsecount="0"/>
        <line num="212" count="35" type="cond" truecount="1" falsecount="0"/>
        <line num="213" count="6" type="stmt"/>
        <line num="214" count="35" type="cond" truecount="1" falsecount="0"/>
        <line num="215" count="11" type="stmt"/>
        <line num="216" count="35" type="cond" truecount="2" falsecount="0"/>
        <line num="217" count="19" type="cond" truecount="1" falsecount="0"/>
        <line num="218" count="10" type="stmt"/>
        <line num="219" count="10" type="cond" truecount="1" falsecount="0"/>
        <line num="220" count="1" type="stmt"/>
        <line num="221" count="35" type="stmt"/>
        <line num="226" count="1" type="cond" truecount="1" falsecount="0"/>
        <line num="227" count="30" type="stmt"/>
        <line num="228" count="30" type="stmt"/>
        <line num="229" count="1" type="stmt"/>
        <line num="231" count="1" type="stmt"/>
        <line num="232" count="1" type="stmt"/>
        <line num="233" count="1" type="stmt"/>
        <line num="234" count="1" type="stmt"/>
        <line num="237" count="1" type="stmt"/>
        <line num="238" count="1" type="stmt"/>
        <line num="241" count="1" type="stmt"/>
        <line num="242" count="1" type="stmt"/>
        <line num="245" count="1" type="stmt"/>
        <line num="246" count="1" type="stmt"/>
        <line num="247" count="1" type="cond" truecount="1" falsecount="0"/>
        <line num="248" count="28" type="stmt"/>
        <line num="249" count="28" type="stmt"/>
        <line num="250" count="1" type="stmt"/>
        <line num="251" count="1" type="stmt"/>
        <line num="252" count="1" type="stmt"/>
        <line num="253" count="1" type="stmt"/>
        <line num="254" count="1" type="stmt"/>
      </file>
      <file name="molad.ts" path="/app/src/molad.ts">
        <metrics statements="30" coveredstatements="30" conditionals="2" coveredconditionals="2" methods="1" coveredmethods="1"/>
        <line num="1" count="1" type="stmt"/>
        <line num="24" count="1" type="cond" truecount="1" falsecount="0"/>
        <line num="25" count="11" type="stmt"/>
        <line num="26" count="11" type="cond" truecount="1" falsecount="0"/>
        <line num="27" count="6" type="stmt"/>
        <line num="28" count="6" type="stmt"/>
        <line num="30" count="11" type="stmt"/>
        <line num="31" count="11" type="stmt"/>
        <line num="32" count="11" type="stmt"/>
        <line num="33" count="11" type="stmt"/>
        <line num="34" count="11" type="stmt"/>
        <line num="36" count="11" type="stmt"/>
        <line num="38" count="11" type="stmt"/>
        <line num="39" count="11" type="stmt"/>
        <line num="40" count="11" type="stmt"/>
        <line num="41" count="11" type="stmt"/>
        <line num="42" count="11" type="stmt"/>
        <line num="43" count="11" type="stmt"/>
        <line num="45" count="11" type="stmt"/>
        <line num="47" count="11" type="stmt"/>
        <line num="49" count="11" type="stmt"/>
        <line num="51" count="11" type="stmt"/>
        <line num="52" count="11" type="stmt"/>
        <line num="53" count="11" type="stmt"/>
        <line num="54" count="11" type="stmt"/>
        <line num="55" count="11" type="stmt"/>
        <line num="56" count="11" type="stmt"/>
        <line num="57" count="11" type="stmt"/>
        <line num="58" count="11" type="stmt"/>
        <line num="59" count="11" type="stmt"/>
      </file>
      <file name="pad.ts" path="/app/src/pad.ts">
        <metrics statements="18" coveredstatements="18" conditionals="14" coveredconditionals="14" methods="2" coveredmethods="2"/>
        <line num="7" count="1" type="cond" truecount="1" falsecount="0"/>
        <line num="8" count="48" type="cond" truecount="1" falsecount="0"/>
        <line num="9" count="1" type="stmt"/>
        <line num="10" count="48" type="cond" truecount="2" falsecount="0"/>
        <line num="11" count="2" type="stmt"/>
        <line num="12" count="47" type="cond" truecount="3" falsecount="0"/>
        <line num="13" count="2" type="stmt"/>
        <line num="14" count="43" type="cond" truecount="1" falsecount="0"/>
        <line num="15" count="4" type="stmt"/>
        <line num="16" count="4" type="cond" truecount="1" falsecount="0"/>
        <line num="17" count="39" type="stmt"/>
        <line num="18" count="39" type="stmt"/>
        <line num="24" count="1" type="cond" truecount="1" falsecount="0"/>
        <line num="25" count="28" type="cond" truecount="3" falsecount="0"/>
        <line num="26" count="17" type="stmt"/>
        <line num="27" count="17" type="cond" truecount="1" falsecount="0"/>
        <line num="28" count="11" type="stmt"/>
        <line num="29" count="11" type="stmt"/>
      </file>
    </package>
  </project>
</coverage>
