{"/app/po2json.js": {"path":"/app/po2json.js","all":true,"statementMap":{"0":{"start":{"line":1,"column":0},"end":{"line":1,"column":34}},"1":{"start":{"line":2,"column":0},"end":{"line":2,"column":20}},"2":{"start":{"line":3,"column":0},"end":{"line":3,"column":24}},"3":{"start":{"line":4,"column":0},"end":{"line":4,"column":34}},"5":{"start":{"line":6,"column":0},"end":{"line":6,"column":42}},"6":{"start":{"line":7,"column":0},"end":{"line":7,"column":56}},"7":{"start":{"line":8,"column":0},"end":{"line":8,"column":38}},"8":{"start":{"line":9,"column":0},"end":{"line":9,"column":28}},"9":{"start":{"line":10,"column":0},"end":{"line":10,"column":1}},"11":{"start":{"line":12,"column":0},"end":{"line":12,"column":36}},"12":{"start":{"line":13,"column":0},"end":{"line":13,"column":15}},"13":{"start":{"line":14,"column":0},"end":{"line":14,"column":65}},"14":{"start":{"line":15,"column":0},"end":{"line":15,"column":3}},"15":{"start":{"line":16,"column":0},"end":{"line":16,"column":1}},"17":{"start":{"line":18,"column":0},"end":{"line":18,"column":39}},"18":{"start":{"line":19,"column":0},"end":{"line":19,"column":63}},"19":{"start":{"line":20,"column":0},"end":{"line":20,"column":33}},"20":{"start":{"line":21,"column":0},"end":{"line":21,"column":22}},"21":{"start":{"line":22,"column":0},"end":{"line":22,"column":69}},"22":{"start":{"line":23,"column":0},"end":{"line":23,"column":70}},"23":{"start":{"line":24,"column":0},"end":{"line":24,"column":45}},"24":{"start":{"line":25,"column":0},"end":{"line":25,"column":37}},"25":{"start":{"line":26,"column":0},"end":{"line":26,"column":18}},"26":{"start":{"line":27,"column":0},"end":{"line":27,"column":61}},"27":{"start":{"line":28,"column":0},"end":{"line":28,"column":28}},"28":{"start":{"line":29,"column":0},"end":{"line":29,"column":30}},"29":{"start":{"line":30,"column":0},"end":{"line":30,"column":59}},"30":{"start":{"line":31,"column":0},"end":{"line":31,"column":27}},"31":{"start":{"line":32,"column":0},"end":{"line":32,"column":5}},"32":{"start":{"line":33,"column":0},"end":{"line":33,"column":3}},"33":{"start":{"line":34,"column":0},"end":{"line":34,"column":21}},"34":{"start":{"line":35,"column":0},"end":{"line":35,"column":14}},"35":{"start":{"line":36,"column":0},"end":{"line":36,"column":35}},"36":{"start":{"line":37,"column":0},"end":{"line":37,"column":25}},"37":{"start":{"line":38,"column":0},"end":{"line":38,"column":6}},"38":{"start":{"line":39,"column":0},"end":{"line":39,"column":25}},"39":{"start":{"line":40,"column":0},"end":{"line":40,"column":4}},"40":{"start":{"line":41,"column":0},"end":{"line":41,"column":64}},"41":{"start":{"line":42,"column":0},"end":{"line":42,"column":37}},"42":{"start":{"line":43,"column":0},"end":{"line":43,"column":54}},"43":{"start":{"line":44,"column":0},"end":{"line":44,"column":18}},"44":{"start":{"line":45,"column":0},"end":{"line":45,"column":1}}},"s":{"0":0,"1":0,"2":0,"3":0,"5":0,"6":0,"7":0,"8":0,"9":0,"11":0,"12":0,"13":0,"14":0,"15":0,"17":0,"18":0,"19":0,"20":0,"21":0,"22":0,"23":0,"24":0,"25":0,"26":0,"27":0,"28":0,"29":0,"30":0,"31":0,"32":0,"33":0,"34":0,"35":0,"36":0,"37":0,"38":0,"39":0,"40":0,"41":0,"42":0,"43":0,"44":0},"branchMap":{"0":{"type":"branch","line":1,"loc":{"start":{"line":1,"column":35},"end":{"line":45,"column":-281}},"locations":[{"start":{"line":1,"column":35},"end":{"line":45,"column":-281}}]}},"b":{"0":[0]},"fnMap":{"0":{"name":"(empty-report)","decl":{"start":{"line":1,"column":35},"end":{"line":45,"column":-281}},"loc":{"start":{"line":1,"column":35},"end":{"line":45,"column":-281}},"line":1}},"f":{"0":0}}
,"/app/src/anniversary.ts": {"path":"/app/src/anniversary.ts","all":false,"statementMap":{"0":{"start":{"line":1,"column":0},"end":{"line":1,"column":8}},"10":{"start":{"line":11,"column":0},"end":{"line":11,"column":50}},"12":{"start":{"line":13,"column":0},"end":{"line":13,"column":27}},"13":{"start":{"line":14,"column":0},"end":{"line":14,"column":33}},"14":{"start":{"line":15,"column":0},"end":{"line":15,"column":29}},"15":{"start":{"line":16,"column":0},"end":{"line":16,"column":27}},"16":{"start":{"line":17,"column":0},"end":{"line":17,"column":27}},"17":{"start":{"line":18,"column":0},"end":{"line":18,"column":29}},"18":{"start":{"line":19,"column":0},"end":{"line":19,"column":31}},"24":{"start":{"line":25,"column":0},"end":{"line":25,"column":48}},"25":{"start":{"line":26,"column":0},"end":{"line":26,"column":10}},"26":{"start":{"line":27,"column":0},"end":{"line":27,"column":30}},"27":{"start":{"line":28,"column":0},"end":{"line":28,"column":19}},"28":{"start":{"line":29,"column":0},"end":{"line":29,"column":33}},"29":{"start":{"line":30,"column":0},"end":{"line":30,"column":33}},"30":{"start":{"line":31,"column":0},"end":{"line":31,"column":30}},"32":{"start":{"line":33,"column":0},"end":{"line":33,"column":1}},"39":{"start":{"line":40,"column":0},"end":{"line":40,"column":69}},"40":{"start":{"line":41,"column":0},"end":{"line":41,"column":32}},"41":{"start":{"line":42,"column":0},"end":{"line":42,"column":35}},"42":{"start":{"line":43,"column":0},"end":{"line":43,"column":27}},"43":{"start":{"line":44,"column":0},"end":{"line":44,"column":38}},"44":{"start":{"line":45,"column":0},"end":{"line":45,"column":27}},"45":{"start":{"line":46,"column":0},"end":{"line":46,"column":10}},"47":{"start":{"line":48,"column":0},"end":{"line":48,"column":37}},"48":{"start":{"line":49,"column":0},"end":{"line":49,"column":3}},"49":{"start":{"line":50,"column":0},"end":{"line":50,"column":1}},"84":{"start":{"line":85,"column":0},"end":{"line":85,"column":28}},"85":{"start":{"line":86,"column":0},"end":{"line":86,"column":16}},"86":{"start":{"line":87,"column":0},"end":{"line":87,"column":23}},"87":{"start":{"line":88,"column":0},"end":{"line":88,"column":21}},"88":{"start":{"line":89,"column":0},"end":{"line":89,"column":40}},"89":{"start":{"line":90,"column":0},"end":{"line":90,"column":34}},"90":{"start":{"line":91,"column":0},"end":{"line":91,"column":14}},"91":{"start":{"line":92,"column":0},"end":{"line":92,"column":3}},"92":{"start":{"line":93,"column":0},"end":{"line":93,"column":51}},"93":{"start":{"line":94,"column":0},"end":{"line":94,"column":1}},"95":{"start":{"line":96,"column":0},"end":{"line":96,"column":30}},"96":{"start":{"line":97,"column":0},"end":{"line":97,"column":16}},"97":{"start":{"line":98,"column":0},"end":{"line":98,"column":23}},"98":{"start":{"line":99,"column":0},"end":{"line":99,"column":33}},"99":{"start":{"line":100,"column":0},"end":{"line":100,"column":40}},"100":{"start":{"line":101,"column":0},"end":{"line":101,"column":27}},"102":{"start":{"line":103,"column":0},"end":{"line":103,"column":21}},"103":{"start":{"line":104,"column":0},"end":{"line":104,"column":3}},"105":{"start":{"line":106,"column":0},"end":{"line":106,"column":6}},"106":{"start":{"line":107,"column":0},"end":{"line":107,"column":29}},"107":{"start":{"line":108,"column":0},"end":{"line":108,"column":23}},"108":{"start":{"line":109,"column":0},"end":{"line":109,"column":32}},"109":{"start":{"line":110,"column":0},"end":{"line":110,"column":5}},"112":{"start":{"line":113,"column":0},"end":{"line":113,"column":58}},"113":{"start":{"line":114,"column":0},"end":{"line":114,"column":13}},"114":{"start":{"line":115,"column":0},"end":{"line":115,"column":27}},"115":{"start":{"line":116,"column":0},"end":{"line":116,"column":23}},"116":{"start":{"line":117,"column":0},"end":{"line":117,"column":30}},"117":{"start":{"line":118,"column":0},"end":{"line":118,"column":5}},"120":{"start":{"line":121,"column":0},"end":{"line":121,"column":57}},"121":{"start":{"line":122,"column":0},"end":{"line":122,"column":37}},"123":{"start":{"line":124,"column":0},"end":{"line":124,"column":36}},"124":{"start":{"line":125,"column":0},"end":{"line":125,"column":78}},"127":{"start":{"line":128,"column":0},"end":{"line":128,"column":19}},"128":{"start":{"line":129,"column":0},"end":{"line":129,"column":22}},"129":{"start":{"line":130,"column":0},"end":{"line":130,"column":3}},"133":{"start":{"line":134,"column":0},"end":{"line":134,"column":75}},"134":{"start":{"line":135,"column":0},"end":{"line":135,"column":23}},"135":{"start":{"line":136,"column":0},"end":{"line":136,"column":18}},"136":{"start":{"line":137,"column":0},"end":{"line":137,"column":78}},"137":{"start":{"line":138,"column":0},"end":{"line":138,"column":22}},"138":{"start":{"line":139,"column":0},"end":{"line":139,"column":18}},"139":{"start":{"line":140,"column":0},"end":{"line":140,"column":3}},"141":{"start":{"line":142,"column":0},"end":{"line":142,"column":20}},"142":{"start":{"line":143,"column":0},"end":{"line":143,"column":16}},"143":{"start":{"line":144,"column":0},"end":{"line":144,"column":1}},"170":{"start":{"line":171,"column":0},"end":{"line":171,"column":41}},"171":{"start":{"line":172,"column":0},"end":{"line":172,"column":16}},"172":{"start":{"line":173,"column":0},"end":{"line":173,"column":23}},"173":{"start":{"line":174,"column":0},"end":{"line":174,"column":21}},"174":{"start":{"line":175,"column":0},"end":{"line":175,"column":40}},"175":{"start":{"line":176,"column":0},"end":{"line":176,"column":34}},"176":{"start":{"line":177,"column":0},"end":{"line":177,"column":14}},"177":{"start":{"line":178,"column":0},"end":{"line":178,"column":3}},"178":{"start":{"line":179,"column":0},"end":{"line":179,"column":51}},"179":{"start":{"line":180,"column":0},"end":{"line":180,"column":1}},"181":{"start":{"line":182,"column":0},"end":{"line":182,"column":30}},"182":{"start":{"line":183,"column":0},"end":{"line":183,"column":16}},"183":{"start":{"line":184,"column":0},"end":{"line":184,"column":23}},"184":{"start":{"line":185,"column":0},"end":{"line":185,"column":33}},"185":{"start":{"line":186,"column":0},"end":{"line":186,"column":40}},"186":{"start":{"line":187,"column":0},"end":{"line":187,"column":27}},"187":{"start":{"line":188,"column":0},"end":{"line":188,"column":27}},"188":{"start":{"line":189,"column":0},"end":{"line":189,"column":16}},"189":{"start":{"line":190,"column":0},"end":{"line":190,"column":32}},"191":{"start":{"line":192,"column":0},"end":{"line":192,"column":21}},"192":{"start":{"line":193,"column":0},"end":{"line":193,"column":3}},"193":{"start":{"line":194,"column":0},"end":{"line":194,"column":42}},"194":{"start":{"line":195,"column":0},"end":{"line":195,"column":22}},"195":{"start":{"line":196,"column":0},"end":{"line":196,"column":20}},"197":{"start":{"line":198,"column":0},"end":{"line":198,"column":79}},"198":{"start":{"line":199,"column":0},"end":{"line":199,"column":32}},"199":{"start":{"line":200,"column":0},"end":{"line":200,"column":72}},"200":{"start":{"line":201,"column":0},"end":{"line":201,"column":19}},"201":{"start":{"line":202,"column":0},"end":{"line":202,"column":12}},"202":{"start":{"line":203,"column":0},"end":{"line":203,"column":68}},"203":{"start":{"line":204,"column":0},"end":{"line":204,"column":18}},"204":{"start":{"line":205,"column":0},"end":{"line":205,"column":12}},"205":{"start":{"line":206,"column":0},"end":{"line":206,"column":13}},"206":{"start":{"line":207,"column":0},"end":{"line":207,"column":23}},"207":{"start":{"line":208,"column":0},"end":{"line":208,"column":17}},"208":{"start":{"line":209,"column":0},"end":{"line":209,"column":17}},"209":{"start":{"line":210,"column":0},"end":{"line":210,"column":22}},"210":{"start":{"line":211,"column":0},"end":{"line":211,"column":5}},"211":{"start":{"line":212,"column":0},"end":{"line":212,"column":18}},"212":{"start":{"line":213,"column":0},"end":{"line":213,"column":12}},"213":{"start":{"line":214,"column":0},"end":{"line":214,"column":3}},"215":{"start":{"line":216,"column":0},"end":{"line":216,"column":41}},"216":{"start":{"line":217,"column":0},"end":{"line":217,"column":1}}},"s":{"0":1,"10":1,"12":1,"13":1,"14":1,"15":1,"16":1,"17":1,"18":1,"24":309,"25":309,"26":309,"27":308,"28":308,"29":3,"30":3,"32":309,"39":309,"40":309,"41":3,"42":309,"43":305,"44":305,"45":306,"47":1,"48":1,"49":309,"84":1,"85":177,"86":177,"87":177,"88":177,"89":177,"90":1,"91":1,"92":176,"93":176,"95":1,"96":179,"97":179,"98":179,"99":179,"100":179,"102":1,"103":1,"105":178,"106":178,"107":53,"108":50,"109":179,"112":25,"113":25,"114":153,"115":50,"116":50,"117":153,"120":25,"121":153,"123":25,"124":128,"127":16,"128":16,"129":16,"133":179,"134":14,"135":14,"136":179,"137":6,"138":6,"139":6,"141":178,"142":178,"143":178,"170":1,"171":128,"172":128,"173":128,"174":128,"175":128,"176":1,"177":1,"178":127,"179":127,"181":1,"182":130,"183":130,"184":130,"185":130,"186":130,"187":130,"188":1,"189":130,"191":1,"192":1,"193":128,"194":128,"195":128,"197":130,"198":42,"199":130,"200":12,"201":12,"202":86,"203":6,"204":6,"205":6,"206":68,"207":42,"208":21,"209":21,"210":68,"211":14,"212":14,"213":14,"215":128,"216":128},"branchMap":{"0":{"type":"branch","line":25,"loc":{"start":{"line":25,"column":0},"end":{"line":33,"column":1}},"locations":[{"start":{"line":25,"column":0},"end":{"line":33,"column":1}}]},"1":{"type":"branch","line":27,"loc":{"start":{"line":27,"column":19},"end":{"line":28,"column":19}},"locations":[{"start":{"line":27,"column":19},"end":{"line":28,"column":19}}]},"2":{"type":"branch","line":28,"loc":{"start":{"line":28,"column":12},"end":{"line":29,"column":33}},"locations":[{"start":{"line":28,"column":12},"end":{"line":29,"column":33}}]},"3":{"type":"branch","line":29,"loc":{"start":{"line":29,"column":22},"end":{"line":30,"column":33}},"locations":[{"start":{"line":29,"column":22},"end":{"line":30,"column":33}}]},"4":{"type":"branch","line":30,"loc":{"start":{"line":30,"column":22},"end":{"line":31,"column":30}},"locations":[{"start":{"line":30,"column":22},"end":{"line":31,"column":30}}]},"5":{"type":"branch","line":40,"loc":{"start":{"line":40,"column":0},"end":{"line":50,"column":1}},"locations":[{"start":{"line":40,"column":0},"end":{"line":50,"column":1}}]},"6":{"type":"branch","line":41,"loc":{"start":{"line":41,"column":31},"end":{"line":43,"column":13}},"locations":[{"start":{"line":41,"column":31},"end":{"line":43,"column":13}}]},"7":{"type":"branch","line":43,"loc":{"start":{"line":43,"column":2},"end":{"line":49,"column":3}},"locations":[{"start":{"line":43,"column":2},"end":{"line":49,"column":3}}]},"8":{"type":"branch","line":43,"loc":{"start":{"line":43,"column":26},"end":{"line":46,"column":9}},"locations":[{"start":{"line":43,"column":26},"end":{"line":46,"column":9}}]},"9":{"type":"branch","line":46,"loc":{"start":{"line":46,"column":2},"end":{"line":49,"column":3}},"locations":[{"start":{"line":46,"column":2},"end":{"line":49,"column":3}}]},"10":{"type":"branch","line":85,"loc":{"start":{"line":85,"column":7},"end":{"line":94,"column":1}},"locations":[{"start":{"line":85,"column":7},"end":{"line":94,"column":1}}]},"11":{"type":"branch","line":90,"loc":{"start":{"line":90,"column":33},"end":{"line":92,"column":3}},"locations":[{"start":{"line":90,"column":33},"end":{"line":92,"column":3}}]},"12":{"type":"branch","line":92,"loc":{"start":{"line":92,"column":2},"end":{"line":94,"column":1}},"locations":[{"start":{"line":92,"column":2},"end":{"line":94,"column":1}}]},"13":{"type":"branch","line":96,"loc":{"start":{"line":96,"column":7},"end":{"line":144,"column":1}},"locations":[{"start":{"line":96,"column":7},"end":{"line":144,"column":1}}]},"14":{"type":"branch","line":101,"loc":{"start":{"line":101,"column":26},"end":{"line":104,"column":3}},"locations":[{"start":{"line":101,"column":26},"end":{"line":104,"column":3}}]},"15":{"type":"branch","line":104,"loc":{"start":{"line":104,"column":2},"end":{"line":107,"column":29}},"locations":[{"start":{"line":104,"column":2},"end":{"line":107,"column":29}}]},"16":{"type":"branch","line":107,"loc":{"start":{"line":107,"column":18},"end":{"line":108,"column":23}},"locations":[{"start":{"line":107,"column":18},"end":{"line":108,"column":23}}]},"17":{"type":"branch","line":108,"loc":{"start":{"line":108,"column":18},"end":{"line":109,"column":32}},"locations":[{"start":{"line":108,"column":18},"end":{"line":109,"column":32}}]},"18":{"type":"branch","line":110,"loc":{"start":{"line":110,"column":4},"end":{"line":114,"column":13}},"locations":[{"start":{"line":110,"column":4},"end":{"line":114,"column":13}}]},"19":{"type":"branch","line":114,"loc":{"start":{"line":114,"column":2},"end":{"line":130,"column":3}},"locations":[{"start":{"line":114,"column":2},"end":{"line":130,"column":3}}]},"20":{"type":"branch","line":115,"loc":{"start":{"line":115,"column":18},"end":{"line":116,"column":23}},"locations":[{"start":{"line":115,"column":18},"end":{"line":116,"column":23}}]},"21":{"type":"branch","line":116,"loc":{"start":{"line":116,"column":18},"end":{"line":117,"column":30}},"locations":[{"start":{"line":116,"column":18},"end":{"line":117,"column":30}}]},"22":{"type":"branch","line":118,"loc":{"start":{"line":118,"column":4},"end":{"line":122,"column":13}},"locations":[{"start":{"line":118,"column":4},"end":{"line":122,"column":13}}]},"23":{"type":"branch","line":122,"loc":{"start":{"line":122,"column":2},"end":{"line":130,"column":3}},"locations":[{"start":{"line":122,"column":2},"end":{"line":130,"column":3}}]},"24":{"type":"branch","line":122,"loc":{"start":{"line":122,"column":36},"end":{"line":125,"column":13}},"locations":[{"start":{"line":122,"column":36},"end":{"line":125,"column":13}}]},"25":{"type":"branch","line":125,"loc":{"start":{"line":125,"column":2},"end":{"line":130,"column":3}},"locations":[{"start":{"line":125,"column":2},"end":{"line":130,"column":3}}]},"26":{"type":"branch","line":125,"loc":{"start":{"line":125,"column":27},"end":{"line":125,"column":57}},"locations":[{"start":{"line":125,"column":27},"end":{"line":125,"column":57}}]},"27":{"type":"branch","line":125,"loc":{"start":{"line":125,"column":51},"end":{"line":125,"column":77}},"locations":[{"start":{"line":125,"column":51},"end":{"line":125,"column":77}}]},"28":{"type":"branch","line":125,"loc":{"start":{"line":125,"column":77},"end":{"line":130,"column":3}},"locations":[{"start":{"line":125,"column":77},"end":{"line":130,"column":3}}]},"29":{"type":"branch","line":130,"loc":{"start":{"line":130,"column":2},"end":{"line":134,"column":32}},"locations":[{"start":{"line":130,"column":2},"end":{"line":134,"column":32}}]},"30":{"type":"branch","line":134,"loc":{"start":{"line":134,"column":20},"end":{"line":134,"column":52}},"locations":[{"start":{"line":134,"column":20},"end":{"line":134,"column":52}}]},"31":{"type":"branch","line":134,"loc":{"start":{"line":134,"column":46},"end":{"line":134,"column":74}},"locations":[{"start":{"line":134,"column":46},"end":{"line":134,"column":74}}]},"32":{"type":"branch","line":134,"loc":{"start":{"line":134,"column":74},"end":{"line":137,"column":13}},"locations":[{"start":{"line":134,"column":74},"end":{"line":137,"column":13}}]},"33":{"type":"branch","line":137,"loc":{"start":{"line":137,"column":2},"end":{"line":140,"column":3}},"locations":[{"start":{"line":137,"column":2},"end":{"line":140,"column":3}}]},"34":{"type":"branch","line":137,"loc":{"start":{"line":137,"column":27},"end":{"line":137,"column":57}},"locations":[{"start":{"line":137,"column":27},"end":{"line":137,"column":57}}]},"35":{"type":"branch","line":137,"loc":{"start":{"line":137,"column":51},"end":{"line":137,"column":77}},"locations":[{"start":{"line":137,"column":51},"end":{"line":137,"column":77}}]},"36":{"type":"branch","line":137,"loc":{"start":{"line":137,"column":77},"end":{"line":140,"column":3}},"locations":[{"start":{"line":137,"column":77},"end":{"line":140,"column":3}}]},"37":{"type":"branch","line":140,"loc":{"start":{"line":140,"column":2},"end":{"line":144,"column":1}},"locations":[{"start":{"line":140,"column":2},"end":{"line":144,"column":1}}]},"38":{"type":"branch","line":171,"loc":{"start":{"line":171,"column":7},"end":{"line":180,"column":1}},"locations":[{"start":{"line":171,"column":7},"end":{"line":180,"column":1}}]},"39":{"type":"branch","line":176,"loc":{"start":{"line":176,"column":33},"end":{"line":178,"column":3}},"locations":[{"start":{"line":176,"column":33},"end":{"line":178,"column":3}}]},"40":{"type":"branch","line":178,"loc":{"start":{"line":178,"column":2},"end":{"line":180,"column":1}},"locations":[{"start":{"line":178,"column":2},"end":{"line":180,"column":1}}]},"41":{"type":"branch","line":182,"loc":{"start":{"line":182,"column":7},"end":{"line":217,"column":1}},"locations":[{"start":{"line":182,"column":7},"end":{"line":217,"column":1}}]},"42":{"type":"branch","line":188,"loc":{"start":{"line":188,"column":26},"end":{"line":190,"column":13}},"locations":[{"start":{"line":188,"column":26},"end":{"line":190,"column":13}}]},"43":{"type":"branch","line":190,"loc":{"start":{"line":190,"column":2},"end":{"line":193,"column":3}},"locations":[{"start":{"line":190,"column":2},"end":{"line":193,"column":3}}]},"44":{"type":"branch","line":190,"loc":{"start":{"line":190,"column":31},"end":{"line":193,"column":3}},"locations":[{"start":{"line":190,"column":31},"end":{"line":193,"column":3}}]},"45":{"type":"branch","line":193,"loc":{"start":{"line":193,"column":2},"end":{"line":198,"column":27}},"locations":[{"start":{"line":193,"column":2},"end":{"line":198,"column":27}}]},"46":{"type":"branch","line":198,"loc":{"start":{"line":198,"column":17},"end":{"line":198,"column":44}},"locations":[{"start":{"line":198,"column":17},"end":{"line":198,"column":44}}]},"47":{"type":"branch","line":198,"loc":{"start":{"line":198,"column":28},"end":{"line":198,"column":78}},"locations":[{"start":{"line":198,"column":28},"end":{"line":198,"column":78}}]},"48":{"type":"branch","line":198,"loc":{"start":{"line":198,"column":54},"end":{"line":198,"column":78}},"locations":[{"start":{"line":198,"column":54},"end":{"line":198,"column":78}}]},"49":{"type":"branch","line":198,"loc":{"start":{"line":198,"column":78},"end":{"line":200,"column":13}},"locations":[{"start":{"line":198,"column":78},"end":{"line":200,"column":13}}]},"50":{"type":"branch","line":200,"loc":{"start":{"line":200,"column":2},"end":{"line":214,"column":3}},"locations":[{"start":{"line":200,"column":2},"end":{"line":214,"column":3}}]},"51":{"type":"branch","line":200,"loc":{"start":{"line":200,"column":23},"end":{"line":200,"column":49}},"locations":[{"start":{"line":200,"column":23},"end":{"line":200,"column":49}}]},"52":{"type":"branch","line":200,"loc":{"start":{"line":200,"column":43},"end":{"line":200,"column":71}},"locations":[{"start":{"line":200,"column":43},"end":{"line":200,"column":71}}]},"53":{"type":"branch","line":200,"loc":{"start":{"line":200,"column":71},"end":{"line":203,"column":13}},"locations":[{"start":{"line":200,"column":71},"end":{"line":203,"column":13}}]},"54":{"type":"branch","line":203,"loc":{"start":{"line":203,"column":2},"end":{"line":214,"column":3}},"locations":[{"start":{"line":203,"column":2},"end":{"line":214,"column":3}}]},"55":{"type":"branch","line":203,"loc":{"start":{"line":203,"column":23},"end":{"line":203,"column":47}},"locations":[{"start":{"line":203,"column":23},"end":{"line":203,"column":47}}]},"56":{"type":"branch","line":203,"loc":{"start":{"line":203,"column":41},"end":{"line":203,"column":67}},"locations":[{"start":{"line":203,"column":41},"end":{"line":203,"column":67}}]},"57":{"type":"branch","line":203,"loc":{"start":{"line":203,"column":67},"end":{"line":206,"column":13}},"locations":[{"start":{"line":203,"column":67},"end":{"line":206,"column":13}}]},"58":{"type":"branch","line":206,"loc":{"start":{"line":206,"column":2},"end":{"line":214,"column":3}},"locations":[{"start":{"line":206,"column":2},"end":{"line":214,"column":3}}]},"59":{"type":"branch","line":207,"loc":{"start":{"line":207,"column":14},"end":{"line":208,"column":17}},"locations":[{"start":{"line":207,"column":14},"end":{"line":208,"column":17}}]},"60":{"type":"branch","line":208,"loc":{"start":{"line":208,"column":12},"end":{"line":209,"column":17}},"locations":[{"start":{"line":208,"column":12},"end":{"line":209,"column":17}}]},"61":{"type":"branch","line":209,"loc":{"start":{"line":209,"column":4},"end":{"line":210,"column":22}},"locations":[{"start":{"line":209,"column":4},"end":{"line":210,"column":22}}]},"62":{"type":"branch","line":211,"loc":{"start":{"line":211,"column":4},"end":{"line":214,"column":3}},"locations":[{"start":{"line":211,"column":4},"end":{"line":214,"column":3}}]},"63":{"type":"branch","line":214,"loc":{"start":{"line":214,"column":2},"end":{"line":217,"column":1}},"locations":[{"start":{"line":214,"column":2},"end":{"line":217,"column":1}}]}},"b":{"0":[309],"1":[308],"2":[308],"3":[3],"4":[3],"5":[309],"6":[3],"7":[306],"8":[305],"9":[1],"10":[177],"11":[1],"12":[176],"13":[179],"14":[1],"15":[178],"16":[53],"17":[50],"18":[25],"19":[153],"20":[50],"21":[50],"22":[25],"23":[128],"24":[25],"25":[103],"26":[25],"27":[25],"28":[16],"29":[178],"30":[53],"31":[36],"32":[14],"33":[164],"34":[50],"35":[44],"36":[6],"37":[178],"38":[128],"39":[1],"40":[127],"41":[130],"42":[1],"43":[129],"44":[1],"45":[128],"46":[63],"47":[107],"48":[21],"49":[42],"50":[86],"51":[21],"52":[21],"53":[12],"54":[74],"55":[21],"56":[21],"57":[6],"58":[68],"59":[42],"60":[21],"61":[21],"62":[14],"63":[128]},"fnMap":{"0":{"name":"isSimpleHebrewDate","decl":{"start":{"line":25,"column":0},"end":{"line":33,"column":1}},"loc":{"start":{"line":25,"column":0},"end":{"line":33,"column":1}},"line":25},"1":{"name":"toSimpleHebrewDate","decl":{"start":{"line":40,"column":0},"end":{"line":50,"column":1}},"loc":{"start":{"line":40,"column":0},"end":{"line":50,"column":1}},"line":40},"2":{"name":"getYahrzeit","decl":{"start":{"line":85,"column":7},"end":{"line":94,"column":1}},"loc":{"start":{"line":85,"column":7},"end":{"line":94,"column":1}},"line":85},"3":{"name":"getYahrzeitHD","decl":{"start":{"line":96,"column":7},"end":{"line":144,"column":1}},"loc":{"start":{"line":96,"column":7},"end":{"line":144,"column":1}},"line":96},"4":{"name":"getBirthdayOrAnniversary","decl":{"start":{"line":171,"column":7},"end":{"line":180,"column":1}},"loc":{"start":{"line":171,"column":7},"end":{"line":180,"column":1}},"line":171},"5":{"name":"getBirthdayHD","decl":{"start":{"line":182,"column":7},"end":{"line":217,"column":1}},"loc":{"start":{"line":182,"column":7},"end":{"line":217,"column":1}},"line":182}},"f":{"0":309,"1":309,"2":177,"3":179,"4":128,"5":130}}
,"/app/src/ashkenazi.po.ts": {"path":"/app/src/ashkenazi.po.ts","all":false,"statementMap":{"0":{"start":{"line":1,"column":0},"end":{"line":1,"column":138}}},"s":{"0":1},"branchMap":{},"b":{},"fnMap":{},"f":{}}
,"/app/src/dateFormat.ts": {"path":"/app/src/dateFormat.ts","all":false,"statementMap":{"0":{"start":{"line":1,"column":0},"end":{"line":1,"column":33}},"2":{"start":{"line":3,"column":0},"end":{"line":3,"column":30}},"7":{"start":{"line":8,"column":0},"end":{"line":8,"column":58}},"8":{"start":{"line":9,"column":0},"end":{"line":9,"column":36}},"9":{"start":{"line":10,"column":0},"end":{"line":10,"column":22}},"10":{"start":{"line":11,"column":0},"end":{"line":11,"column":46}},"11":{"start":{"line":12,"column":0},"end":{"line":12,"column":20}},"12":{"start":{"line":13,"column":0},"end":{"line":13,"column":21}},"13":{"start":{"line":14,"column":0},"end":{"line":14,"column":19}},"14":{"start":{"line":15,"column":0},"end":{"line":15,"column":20}},"15":{"start":{"line":16,"column":0},"end":{"line":16,"column":22}},"16":{"start":{"line":17,"column":0},"end":{"line":17,"column":22}},"17":{"start":{"line":18,"column":0},"end":{"line":18,"column":18}},"18":{"start":{"line":19,"column":0},"end":{"line":19,"column":19}},"19":{"start":{"line":20,"column":0},"end":{"line":20,"column":5}},"20":{"start":{"line":21,"column":0},"end":{"line":21,"column":27}},"21":{"start":{"line":22,"column":0},"end":{"line":22,"column":11}},"22":{"start":{"line":23,"column":0},"end":{"line":23,"column":1}},"24":{"start":{"line":25,"column":0},"end":{"line":25,"column":67}},"31":{"start":{"line":32,"column":0},"end":{"line":32,"column":64}},"32":{"start":{"line":33,"column":0},"end":{"line":33,"column":46}},"33":{"start":{"line":34,"column":0},"end":{"line":34,"column":38}},"34":{"start":{"line":35,"column":0},"end":{"line":35,"column":19}},"35":{"start":{"line":36,"column":0},"end":{"line":36,"column":64}},"36":{"start":{"line":37,"column":0},"end":{"line":37,"column":3}},"37":{"start":{"line":38,"column":0},"end":{"line":38,"column":18}},"38":{"start":{"line":39,"column":0},"end":{"line":39,"column":22}},"39":{"start":{"line":40,"column":0},"end":{"line":40,"column":16}},"40":{"start":{"line":41,"column":0},"end":{"line":41,"column":3}},"41":{"start":{"line":42,"column":0},"end":{"line":42,"column":34}},"42":{"start":{"line":43,"column":0},"end":{"line":43,"column":60}},"43":{"start":{"line":44,"column":0},"end":{"line":44,"column":1}},"48":{"start":{"line":49,"column":0},"end":{"line":49,"column":69}},"49":{"start":{"line":50,"column":0},"end":{"line":50,"column":43}},"50":{"start":{"line":51,"column":0},"end":{"line":51,"column":44}},"51":{"start":{"line":52,"column":0},"end":{"line":52,"column":75}},"52":{"start":{"line":53,"column":0},"end":{"line":53,"column":39}},"53":{"start":{"line":54,"column":0},"end":{"line":54,"column":1}},"58":{"start":{"line":59,"column":0},"end":{"line":59,"column":49}},"59":{"start":{"line":60,"column":0},"end":{"line":60,"column":10}},"60":{"start":{"line":61,"column":0},"end":{"line":61,"column":28}},"61":{"start":{"line":62,"column":0},"end":{"line":62,"column":9}},"62":{"start":{"line":63,"column":0},"end":{"line":63,"column":29}},"63":{"start":{"line":64,"column":0},"end":{"line":64,"column":9}},"64":{"start":{"line":65,"column":0},"end":{"line":65,"column":22}},"66":{"start":{"line":67,"column":0},"end":{"line":67,"column":1}}},"s":{"0":1,"2":1,"7":30,"8":30,"9":30,"10":7,"11":7,"12":7,"13":7,"14":7,"15":7,"16":7,"17":7,"18":7,"19":7,"20":7,"21":7,"22":7,"24":1,"31":1,"32":30,"33":30,"34":30,"35":1,"36":1,"37":29,"38":30,"39":1,"40":1,"41":29,"42":29,"43":29,"48":1,"49":8,"50":8,"51":8,"52":8,"53":8,"58":1,"59":12,"60":12,"61":12,"62":12,"63":12,"64":12,"66":12},"branchMap":{"0":{"type":"branch","line":8,"loc":{"start":{"line":8,"column":0},"end":{"line":23,"column":1}},"locations":[{"start":{"line":8,"column":0},"end":{"line":23,"column":1}}]},"1":{"type":"branch","line":10,"loc":{"start":{"line":10,"column":11},"end":{"line":10,"column":22}},"locations":[{"start":{"line":10,"column":11},"end":{"line":10,"column":22}}]},"2":{"type":"branch","line":10,"loc":{"start":{"line":10,"column":18},"end":{"line":23,"column":1}},"locations":[{"start":{"line":10,"column":18},"end":{"line":23,"column":1}}]},"3":{"type":"branch","line":32,"loc":{"start":{"line":32,"column":7},"end":{"line":44,"column":1}},"locations":[{"start":{"line":32,"column":7},"end":{"line":44,"column":1}}]},"4":{"type":"branch","line":35,"loc":{"start":{"line":35,"column":18},"end":{"line":37,"column":3}},"locations":[{"start":{"line":35,"column":18},"end":{"line":37,"column":3}}]},"5":{"type":"branch","line":37,"loc":{"start":{"line":37,"column":2},"end":{"line":39,"column":21}},"locations":[{"start":{"line":37,"column":2},"end":{"line":39,"column":21}}]},"6":{"type":"branch","line":39,"loc":{"start":{"line":39,"column":21},"end":{"line":41,"column":3}},"locations":[{"start":{"line":39,"column":21},"end":{"line":41,"column":3}}]},"7":{"type":"branch","line":41,"loc":{"start":{"line":41,"column":2},"end":{"line":44,"column":1}},"locations":[{"start":{"line":41,"column":2},"end":{"line":44,"column":1}}]},"8":{"type":"branch","line":49,"loc":{"start":{"line":49,"column":7},"end":{"line":54,"column":1}},"locations":[{"start":{"line":49,"column":7},"end":{"line":54,"column":1}}]},"9":{"type":"branch","line":59,"loc":{"start":{"line":59,"column":7},"end":{"line":67,"column":1}},"locations":[{"start":{"line":59,"column":7},"end":{"line":67,"column":1}}]}},"b":{"0":[30],"1":[23],"2":[7],"3":[30],"4":[1],"5":[29],"6":[1],"7":[29],"8":[8],"9":[12]},"fnMap":{"0":{"name":"getFormatter","decl":{"start":{"line":8,"column":0},"end":{"line":23,"column":1}},"loc":{"start":{"line":8,"column":0},"end":{"line":23,"column":1}},"line":8},"1":{"name":"getPseudoISO","decl":{"start":{"line":32,"column":7},"end":{"line":44,"column":1}},"loc":{"start":{"line":32,"column":7},"end":{"line":44,"column":1}},"line":32},"2":{"name":"getTimezoneOffset","decl":{"start":{"line":49,"column":7},"end":{"line":54,"column":1}},"loc":{"start":{"line":49,"column":7},"end":{"line":54,"column":1}},"line":49},"3":{"name":"isoDateString","decl":{"start":{"line":59,"column":7},"end":{"line":67,"column":1}},"loc":{"start":{"line":59,"column":7},"end":{"line":67,"column":1}},"line":59}},"f":{"0":30,"1":30,"2":8,"3":12}}
,"/app/src/gematriya.ts": {"path":"/app/src/gematriya.ts","all":false,"statementMap":{"0":{"start":{"line":1,"column":0},"end":{"line":1,"column":19}},"1":{"start":{"line":2,"column":0},"end":{"line":2,"column":22}},"3":{"start":{"line":4,"column":0},"end":{"line":4,"column":41}},"4":{"start":{"line":5,"column":0},"end":{"line":5,"column":7}},"5":{"start":{"line":6,"column":0},"end":{"line":6,"column":7}},"6":{"start":{"line":7,"column":0},"end":{"line":7,"column":7}},"7":{"start":{"line":8,"column":0},"end":{"line":8,"column":7}},"8":{"start":{"line":9,"column":0},"end":{"line":9,"column":7}},"9":{"start":{"line":10,"column":0},"end":{"line":10,"column":7}},"10":{"start":{"line":11,"column":0},"end":{"line":11,"column":7}},"11":{"start":{"line":12,"column":0},"end":{"line":12,"column":7}},"12":{"start":{"line":13,"column":0},"end":{"line":13,"column":7}},"13":{"start":{"line":14,"column":0},"end":{"line":14,"column":8}},"14":{"start":{"line":15,"column":0},"end":{"line":15,"column":8}},"15":{"start":{"line":16,"column":0},"end":{"line":16,"column":8}},"16":{"start":{"line":17,"column":0},"end":{"line":17,"column":8}},"17":{"start":{"line":18,"column":0},"end":{"line":18,"column":8}},"18":{"start":{"line":19,"column":0},"end":{"line":19,"column":8}},"19":{"start":{"line":20,"column":0},"end":{"line":20,"column":8}},"20":{"start":{"line":21,"column":0},"end":{"line":21,"column":8}},"21":{"start":{"line":22,"column":0},"end":{"line":22,"column":8}},"22":{"start":{"line":23,"column":0},"end":{"line":23,"column":9}},"23":{"start":{"line":24,"column":0},"end":{"line":24,"column":9}},"24":{"start":{"line":25,"column":0},"end":{"line":25,"column":9}},"25":{"start":{"line":26,"column":0},"end":{"line":26,"column":9}},"26":{"start":{"line":27,"column":0},"end":{"line":27,"column":11}},"28":{"start":{"line":29,"column":0},"end":{"line":29,"column":43}},"29":{"start":{"line":30,"column":0},"end":{"line":30,"column":51}},"30":{"start":{"line":31,"column":0},"end":{"line":31,"column":21}},"31":{"start":{"line":32,"column":0},"end":{"line":32,"column":1}},"33":{"start":{"line":34,"column":0},"end":{"line":34,"column":44}},"34":{"start":{"line":35,"column":0},"end":{"line":35,"column":30}},"35":{"start":{"line":36,"column":0},"end":{"line":36,"column":19}},"36":{"start":{"line":37,"column":0},"end":{"line":37,"column":35}},"37":{"start":{"line":38,"column":0},"end":{"line":38,"column":21}},"38":{"start":{"line":39,"column":0},"end":{"line":39,"column":27}},"39":{"start":{"line":40,"column":0},"end":{"line":40,"column":12}},"40":{"start":{"line":41,"column":0},"end":{"line":41,"column":5}},"41":{"start":{"line":42,"column":0},"end":{"line":42,"column":19}},"42":{"start":{"line":43,"column":0},"end":{"line":43,"column":10}},"43":{"start":{"line":44,"column":0},"end":{"line":44,"column":39}},"44":{"start":{"line":45,"column":0},"end":{"line":45,"column":23}},"45":{"start":{"line":46,"column":0},"end":{"line":46,"column":25}},"46":{"start":{"line":47,"column":0},"end":{"line":47,"column":7}},"47":{"start":{"line":48,"column":0},"end":{"line":48,"column":5}},"48":{"start":{"line":49,"column":0},"end":{"line":49,"column":19}},"49":{"start":{"line":50,"column":0},"end":{"line":50,"column":13}},"50":{"start":{"line":51,"column":0},"end":{"line":51,"column":3}},"51":{"start":{"line":52,"column":0},"end":{"line":52,"column":16}},"52":{"start":{"line":53,"column":0},"end":{"line":53,"column":1}},"66":{"start":{"line":67,"column":0},"end":{"line":67,"column":57}},"67":{"start":{"line":68,"column":0},"end":{"line":68,"column":43}},"68":{"start":{"line":69,"column":0},"end":{"line":69,"column":26}},"69":{"start":{"line":70,"column":0},"end":{"line":70,"column":50}},"70":{"start":{"line":71,"column":0},"end":{"line":71,"column":3}},"71":{"start":{"line":72,"column":0},"end":{"line":72,"column":15}},"72":{"start":{"line":73,"column":0},"end":{"line":73,"column":44}},"73":{"start":{"line":74,"column":0},"end":{"line":74,"column":41}},"74":{"start":{"line":75,"column":0},"end":{"line":75,"column":42}},"75":{"start":{"line":76,"column":0},"end":{"line":76,"column":33}},"76":{"start":{"line":77,"column":0},"end":{"line":77,"column":27}},"77":{"start":{"line":78,"column":0},"end":{"line":78,"column":5}},"78":{"start":{"line":79,"column":0},"end":{"line":79,"column":18}},"79":{"start":{"line":80,"column":0},"end":{"line":80,"column":3}},"80":{"start":{"line":81,"column":0},"end":{"line":81,"column":41}},"81":{"start":{"line":82,"column":0},"end":{"line":82,"column":28}},"82":{"start":{"line":83,"column":0},"end":{"line":83,"column":45}},"83":{"start":{"line":84,"column":0},"end":{"line":84,"column":3}},"84":{"start":{"line":85,"column":0},"end":{"line":85,"column":43}},"85":{"start":{"line":86,"column":0},"end":{"line":86,"column":34}},"86":{"start":{"line":87,"column":0},"end":{"line":87,"column":23}},"87":{"start":{"line":88,"column":0},"end":{"line":88,"column":5}},"88":{"start":{"line":89,"column":0},"end":{"line":89,"column":30}},"89":{"start":{"line":90,"column":0},"end":{"line":90,"column":3}},"90":{"start":{"line":91,"column":0},"end":{"line":91,"column":13}},"91":{"start":{"line":92,"column":0},"end":{"line":92,"column":1}},"100":{"start":{"line":101,"column":0},"end":{"line":101,"column":56}},"101":{"start":{"line":102,"column":0},"end":{"line":102,"column":14}},"102":{"start":{"line":103,"column":0},"end":{"line":103,"column":48}},"103":{"start":{"line":104,"column":0},"end":{"line":104,"column":57}},"104":{"start":{"line":105,"column":0},"end":{"line":105,"column":50}},"105":{"start":{"line":106,"column":0},"end":{"line":106,"column":47}},"106":{"start":{"line":107,"column":0},"end":{"line":107,"column":35}},"107":{"start":{"line":108,"column":0},"end":{"line":108,"column":3}},"108":{"start":{"line":109,"column":0},"end":{"line":109,"column":25}},"109":{"start":{"line":110,"column":0},"end":{"line":110,"column":46}},"110":{"start":{"line":111,"column":0},"end":{"line":111,"column":32}},"111":{"start":{"line":112,"column":0},"end":{"line":112,"column":15}},"112":{"start":{"line":113,"column":0},"end":{"line":113,"column":5}},"113":{"start":{"line":114,"column":0},"end":{"line":114,"column":3}},"114":{"start":{"line":115,"column":0},"end":{"line":115,"column":13}},"115":{"start":{"line":116,"column":0},"end":{"line":116,"column":1}}},"s":{"0":1,"1":1,"3":1,"4":1,"5":1,"6":1,"7":1,"8":1,"9":1,"10":1,"11":1,"12":1,"13":1,"14":1,"15":1,"16":1,"17":1,"18":1,"19":1,"20":1,"21":1,"22":1,"23":1,"24":1,"25":1,"26":1,"28":1,"29":1,"30":44,"31":44,"33":40,"34":40,"35":40,"36":85,"37":3,"38":3,"39":3,"40":3,"41":82,"42":82,"43":85,"44":758,"45":85,"46":85,"47":758,"48":82,"49":82,"50":82,"51":40,"52":40,"66":1,"67":34,"68":34,"69":3,"70":3,"71":31,"72":31,"73":34,"74":9,"75":9,"76":11,"77":11,"78":9,"79":9,"80":31,"81":34,"82":6,"83":6,"84":34,"85":71,"86":24,"87":24,"88":71,"89":71,"90":25,"91":25,"100":1,"101":47,"102":47,"103":47,"104":9,"105":9,"106":9,"107":9,"108":47,"109":150,"110":150,"111":105,"112":105,"113":150,"114":47,"115":47},"branchMap":{"0":{"type":"branch","line":30,"loc":{"start":{"line":30,"column":50},"end":{"line":32,"column":1}},"locations":[{"start":{"line":30,"column":50},"end":{"line":32,"column":1}}]},"1":{"type":"branch","line":34,"loc":{"start":{"line":34,"column":0},"end":{"line":53,"column":1}},"locations":[{"start":{"line":34,"column":0},"end":{"line":53,"column":1}}]},"2":{"type":"branch","line":36,"loc":{"start":{"line":36,"column":18},"end":{"line":51,"column":3}},"locations":[{"start":{"line":36,"column":18},"end":{"line":51,"column":3}}]},"3":{"type":"branch","line":37,"loc":{"start":{"line":37,"column":16},"end":{"line":37,"column":34}},"locations":[{"start":{"line":37,"column":16},"end":{"line":37,"column":34}}]},"4":{"type":"branch","line":37,"loc":{"start":{"line":37,"column":34},"end":{"line":41,"column":5}},"locations":[{"start":{"line":37,"column":34},"end":{"line":41,"column":5}}]},"5":{"type":"branch","line":41,"loc":{"start":{"line":41,"column":4},"end":{"line":44,"column":38}},"locations":[{"start":{"line":41,"column":4},"end":{"line":44,"column":38}}]},"6":{"type":"branch","line":44,"loc":{"start":{"line":44,"column":38},"end":{"line":48,"column":5}},"locations":[{"start":{"line":44,"column":38},"end":{"line":48,"column":5}}]},"7":{"type":"branch","line":45,"loc":{"start":{"line":45,"column":22},"end":{"line":47,"column":7}},"locations":[{"start":{"line":45,"column":22},"end":{"line":47,"column":7}}]},"8":{"type":"branch","line":48,"loc":{"start":{"line":48,"column":4},"end":{"line":51,"column":3}},"locations":[{"start":{"line":48,"column":4},"end":{"line":51,"column":3}}]},"9":{"type":"branch","line":67,"loc":{"start":{"line":67,"column":7},"end":{"line":92,"column":1}},"locations":[{"start":{"line":67,"column":7},"end":{"line":92,"column":1}}]},"10":{"type":"branch","line":69,"loc":{"start":{"line":69,"column":7},"end":{"line":69,"column":25}},"locations":[{"start":{"line":69,"column":7},"end":{"line":69,"column":25}}]},"11":{"type":"branch","line":69,"loc":{"start":{"line":69,"column":25},"end":{"line":71,"column":3}},"locations":[{"start":{"line":69,"column":25},"end":{"line":71,"column":3}}]},"12":{"type":"branch","line":71,"loc":{"start":{"line":71,"column":2},"end":{"line":74,"column":23}},"locations":[{"start":{"line":71,"column":2},"end":{"line":74,"column":23}}]},"13":{"type":"branch","line":74,"loc":{"start":{"line":74,"column":18},"end":{"line":74,"column":40}},"locations":[{"start":{"line":74,"column":18},"end":{"line":74,"column":40}}]},"14":{"type":"branch","line":74,"loc":{"start":{"line":74,"column":40},"end":{"line":80,"column":3}},"locations":[{"start":{"line":74,"column":40},"end":{"line":80,"column":3}}]},"15":{"type":"branch","line":76,"loc":{"start":{"line":76,"column":32},"end":{"line":78,"column":5}},"locations":[{"start":{"line":76,"column":32},"end":{"line":78,"column":5}}]},"16":{"type":"branch","line":80,"loc":{"start":{"line":80,"column":2},"end":{"line":82,"column":27}},"locations":[{"start":{"line":80,"column":2},"end":{"line":82,"column":27}}]},"17":{"type":"branch","line":82,"loc":{"start":{"line":82,"column":27},"end":{"line":84,"column":3}},"locations":[{"start":{"line":82,"column":27},"end":{"line":84,"column":3}}]},"18":{"type":"branch","line":84,"loc":{"start":{"line":84,"column":2},"end":{"line":85,"column":42}},"locations":[{"start":{"line":84,"column":2},"end":{"line":85,"column":42}}]},"19":{"type":"branch","line":85,"loc":{"start":{"line":85,"column":42},"end":{"line":90,"column":3}},"locations":[{"start":{"line":85,"column":42},"end":{"line":90,"column":3}}]},"20":{"type":"branch","line":86,"loc":{"start":{"line":86,"column":33},"end":{"line":88,"column":5}},"locations":[{"start":{"line":86,"column":33},"end":{"line":88,"column":5}}]},"21":{"type":"branch","line":90,"loc":{"start":{"line":90,"column":2},"end":{"line":92,"column":1}},"locations":[{"start":{"line":90,"column":2},"end":{"line":92,"column":1}}]},"22":{"type":"branch","line":101,"loc":{"start":{"line":101,"column":7},"end":{"line":116,"column":1}},"locations":[{"start":{"line":101,"column":7},"end":{"line":116,"column":1}}]},"23":{"type":"branch","line":104,"loc":{"start":{"line":104,"column":20},"end":{"line":104,"column":56}},"locations":[{"start":{"line":104,"column":20},"end":{"line":104,"column":56}}]},"24":{"type":"branch","line":104,"loc":{"start":{"line":104,"column":56},"end":{"line":108,"column":3}},"locations":[{"start":{"line":104,"column":56},"end":{"line":108,"column":3}}]},"25":{"type":"branch","line":109,"loc":{"start":{"line":109,"column":24},"end":{"line":114,"column":3}},"locations":[{"start":{"line":109,"column":24},"end":{"line":114,"column":3}}]},"26":{"type":"branch","line":111,"loc":{"start":{"line":111,"column":31},"end":{"line":113,"column":5}},"locations":[{"start":{"line":111,"column":31},"end":{"line":113,"column":5}}]}},"b":{"0":[44],"1":[40],"2":[85],"3":[84],"4":[3],"5":[82],"6":[758],"7":[85],"8":[82],"9":[34],"10":[32],"11":[3],"12":[31],"13":[16],"14":[9],"15":[11],"16":[31],"17":[6],"18":[25],"19":[71],"20":[24],"21":[25],"22":[47],"23":[18],"24":[9],"25":[150],"26":[105]},"fnMap":{"0":{"name":"num2digits","decl":{"start":{"line":34,"column":0},"end":{"line":53,"column":1}},"loc":{"start":{"line":34,"column":0},"end":{"line":53,"column":1}},"line":34},"1":{"name":"gematriya","decl":{"start":{"line":67,"column":7},"end":{"line":92,"column":1}},"loc":{"start":{"line":67,"column":7},"end":{"line":92,"column":1}},"line":67},"2":{"name":"gematriyaStrToNum","decl":{"start":{"line":101,"column":7},"end":{"line":116,"column":1}},"loc":{"start":{"line":101,"column":7},"end":{"line":116,"column":1}},"line":101}},"f":{"0":40,"1":34,"2":47}}
,"/app/src/greg.ts": {"path":"/app/src/greg.ts","all":false,"statementMap":{"2":{"start":{"line":3,"column":0},"end":{"line":3,"column":78}},"4":{"start":{"line":5,"column":0},"end":{"line":5,"column":60}},"5":{"start":{"line":6,"column":0},"end":{"line":6,"column":24}},"10":{"start":{"line":11,"column":0},"end":{"line":11,"column":44}},"11":{"start":{"line":12,"column":0},"end":{"line":12,"column":35}},"12":{"start":{"line":13,"column":0},"end":{"line":13,"column":1}},"17":{"start":{"line":18,"column":0},"end":{"line":18,"column":49}},"18":{"start":{"line":19,"column":0},"end":{"line":19,"column":27}},"19":{"start":{"line":20,"column":0},"end":{"line":20,"column":1}},"25":{"start":{"line":26,"column":0},"end":{"line":26,"column":45}},"26":{"start":{"line":27,"column":0},"end":{"line":27,"column":29}},"27":{"start":{"line":28,"column":0},"end":{"line":28,"column":44}},"28":{"start":{"line":29,"column":0},"end":{"line":29,"column":37}},"29":{"start":{"line":30,"column":0},"end":{"line":30,"column":43}},"30":{"start":{"line":31,"column":0},"end":{"line":31,"column":36}},"31":{"start":{"line":32,"column":0},"end":{"line":32,"column":40}},"32":{"start":{"line":33,"column":0},"end":{"line":33,"column":35}},"33":{"start":{"line":34,"column":0},"end":{"line":34,"column":39}},"34":{"start":{"line":35,"column":0},"end":{"line":35,"column":61}},"35":{"start":{"line":36,"column":0},"end":{"line":36,"column":50}},"36":{"start":{"line":37,"column":0},"end":{"line":37,"column":1}},"50":{"start":{"line":51,"column":0},"end":{"line":51,"column":55}},"51":{"start":{"line":52,"column":0},"end":{"line":52,"column":58}},"52":{"start":{"line":53,"column":0},"end":{"line":53,"column":1}},"59":{"start":{"line":60,"column":0},"end":{"line":60,"column":70}},"61":{"start":{"line":62,"column":0},"end":{"line":62,"column":52}},"62":{"start":{"line":63,"column":0},"end":{"line":63,"column":1}},"67":{"start":{"line":68,"column":0},"end":{"line":68,"column":47}},"69":{"start":{"line":70,"column":0},"end":{"line":70,"column":80}},"70":{"start":{"line":71,"column":0},"end":{"line":71,"column":1}},"78":{"start":{"line":79,"column":0},"end":{"line":79,"column":68}},"79":{"start":{"line":80,"column":0},"end":{"line":80,"column":30}},"80":{"start":{"line":81,"column":0},"end":{"line":81,"column":10}},"81":{"start":{"line":82,"column":0},"end":{"line":82,"column":14}},"82":{"start":{"line":83,"column":0},"end":{"line":83,"column":21}},"83":{"start":{"line":84,"column":0},"end":{"line":84,"column":23}},"84":{"start":{"line":85,"column":0},"end":{"line":85,"column":23}},"85":{"start":{"line":86,"column":0},"end":{"line":86,"column":37}},"86":{"start":{"line":87,"column":0},"end":{"line":87,"column":55}},"87":{"start":{"line":88,"column":0},"end":{"line":88,"column":7}},"89":{"start":{"line":90,"column":0},"end":{"line":90,"column":1}},"95":{"start":{"line":96,"column":0},"end":{"line":96,"column":46}},"96":{"start":{"line":97,"column":0},"end":{"line":97,"column":22}},"97":{"start":{"line":98,"column":0},"end":{"line":98,"column":47}},"98":{"start":{"line":99,"column":0},"end":{"line":99,"column":37}},"99":{"start":{"line":100,"column":0},"end":{"line":100,"column":41}},"100":{"start":{"line":101,"column":0},"end":{"line":101,"column":3}},"101":{"start":{"line":102,"column":0},"end":{"line":102,"column":79}},"107":{"start":{"line":108,"column":0},"end":{"line":108,"column":13}},"108":{"start":{"line":109,"column":0},"end":{"line":109,"column":1}},"129":{"start":{"line":130,"column":0},"end":{"line":130,"column":45}},"130":{"start":{"line":131,"column":0},"end":{"line":131,"column":46}},"131":{"start":{"line":132,"column":0},"end":{"line":132,"column":48}},"132":{"start":{"line":133,"column":0},"end":{"line":133,"column":3}},"133":{"start":{"line":134,"column":0},"end":{"line":134,"column":24}},"139":{"start":{"line":140,"column":0},"end":{"line":140,"column":42}},"140":{"start":{"line":141,"column":0},"end":{"line":141,"column":54}},"141":{"start":{"line":142,"column":0},"end":{"line":142,"column":28}},"142":{"start":{"line":143,"column":0},"end":{"line":143,"column":65}},"143":{"start":{"line":144,"column":0},"end":{"line":144,"column":75}},"144":{"start":{"line":145,"column":0},"end":{"line":145,"column":56}},"145":{"start":{"line":146,"column":0},"end":{"line":146,"column":50}},"146":{"start":{"line":147,"column":0},"end":{"line":147,"column":32}},"147":{"start":{"line":148,"column":0},"end":{"line":148,"column":25}},"148":{"start":{"line":149,"column":0},"end":{"line":149,"column":3}},"149":{"start":{"line":150,"column":0},"end":{"line":150,"column":12}},"150":{"start":{"line":151,"column":0},"end":{"line":151,"column":1}}},"s":{"2":1,"4":1,"5":1,"10":984,"11":984,"12":984,"17":6896,"18":6896,"19":6896,"25":328,"26":328,"27":328,"28":328,"29":328,"30":328,"31":328,"32":328,"33":328,"34":328,"35":328,"36":328,"50":1,"51":1152,"52":1152,"59":1,"61":4,"62":4,"67":1,"69":666,"70":666,"78":1314,"79":1314,"80":1314,"81":1314,"82":1314,"83":1314,"84":1314,"85":1314,"86":1314,"87":1314,"89":1314,"95":1,"96":331,"97":0,"98":331,"99":1,"100":1,"101":330,"107":330,"108":330,"129":1,"130":330,"131":2,"132":2,"133":328,"139":328,"140":328,"141":328,"142":330,"143":330,"144":330,"145":330,"146":330,"147":6,"148":6,"149":328,"150":328},"branchMap":{"0":{"type":"branch","line":11,"loc":{"start":{"line":11,"column":0},"end":{"line":13,"column":1}},"locations":[{"start":{"line":11,"column":0},"end":{"line":13,"column":1}}]},"1":{"type":"branch","line":18,"loc":{"start":{"line":18,"column":0},"end":{"line":20,"column":1}},"locations":[{"start":{"line":18,"column":0},"end":{"line":20,"column":1}}]},"2":{"type":"branch","line":26,"loc":{"start":{"line":26,"column":0},"end":{"line":37,"column":1}},"locations":[{"start":{"line":26,"column":0},"end":{"line":37,"column":1}}]},"3":{"type":"branch","line":36,"loc":{"start":{"line":36,"column":18},"end":{"line":36,"column":34}},"locations":[{"start":{"line":36,"column":18},"end":{"line":36,"column":34}}]},"4":{"type":"branch","line":36,"loc":{"start":{"line":36,"column":30},"end":{"line":36,"column":45}},"locations":[{"start":{"line":36,"column":30},"end":{"line":36,"column":45}}]},"5":{"type":"branch","line":36,"loc":{"start":{"line":36,"column":41},"end":{"line":36,"column":50}},"locations":[{"start":{"line":36,"column":41},"end":{"line":36,"column":50}}]},"6":{"type":"branch","line":51,"loc":{"start":{"line":51,"column":7},"end":{"line":53,"column":1}},"locations":[{"start":{"line":51,"column":7},"end":{"line":53,"column":1}}]},"7":{"type":"branch","line":52,"loc":{"start":{"line":52,"column":18},"end":{"line":52,"column":58}},"locations":[{"start":{"line":52,"column":18},"end":{"line":52,"column":58}}]},"8":{"type":"branch","line":52,"loc":{"start":{"line":52,"column":35},"end":{"line":52,"column":58}},"locations":[{"start":{"line":52,"column":35},"end":{"line":52,"column":58}}]},"9":{"type":"branch","line":60,"loc":{"start":{"line":60,"column":7},"end":{"line":63,"column":1}},"locations":[{"start":{"line":60,"column":7},"end":{"line":63,"column":1}}]},"10":{"type":"branch","line":68,"loc":{"start":{"line":68,"column":7},"end":{"line":71,"column":1}},"locations":[{"start":{"line":68,"column":7},"end":{"line":71,"column":1}}]},"11":{"type":"branch","line":70,"loc":{"start":{"line":70,"column":24},"end":{"line":70,"column":80}},"locations":[{"start":{"line":70,"column":24},"end":{"line":70,"column":80}}]},"12":{"type":"branch","line":79,"loc":{"start":{"line":79,"column":0},"end":{"line":90,"column":1}},"locations":[{"start":{"line":79,"column":0},"end":{"line":90,"column":1}}]},"13":{"type":"branch","line":87,"loc":{"start":{"line":87,"column":14},"end":{"line":87,"column":22}},"locations":[{"start":{"line":87,"column":14},"end":{"line":87,"column":22}}]},"14":{"type":"branch","line":87,"loc":{"start":{"line":87,"column":18},"end":{"line":87,"column":55}},"locations":[{"start":{"line":87,"column":18},"end":{"line":87,"column":55}}]},"15":{"type":"branch","line":87,"loc":{"start":{"line":87,"column":41},"end":{"line":87,"column":50}},"locations":[{"start":{"line":87,"column":41},"end":{"line":87,"column":50}}]},"16":{"type":"branch","line":87,"loc":{"start":{"line":87,"column":45},"end":{"line":87,"column":55}},"locations":[{"start":{"line":87,"column":45},"end":{"line":87,"column":55}}]},"17":{"type":"branch","line":96,"loc":{"start":{"line":96,"column":7},"end":{"line":109,"column":1}},"locations":[{"start":{"line":96,"column":7},"end":{"line":109,"column":1}}]},"18":{"type":"branch","line":97,"loc":{"start":{"line":97,"column":21},"end":{"line":99,"column":13}},"locations":[{"start":{"line":97,"column":21},"end":{"line":99,"column":13}}]},"19":{"type":"branch","line":99,"loc":{"start":{"line":99,"column":36},"end":{"line":101,"column":3}},"locations":[{"start":{"line":99,"column":36},"end":{"line":101,"column":3}}]},"20":{"type":"branch","line":101,"loc":{"start":{"line":101,"column":2},"end":{"line":109,"column":1}},"locations":[{"start":{"line":101,"column":2},"end":{"line":109,"column":1}}]},"21":{"type":"branch","line":130,"loc":{"start":{"line":130,"column":7},"end":{"line":151,"column":1}},"locations":[{"start":{"line":130,"column":7},"end":{"line":151,"column":1}}]},"22":{"type":"branch","line":131,"loc":{"start":{"line":131,"column":21},"end":{"line":131,"column":45}},"locations":[{"start":{"line":131,"column":21},"end":{"line":131,"column":45}}]},"23":{"type":"branch","line":131,"loc":{"start":{"line":131,"column":45},"end":{"line":133,"column":3}},"locations":[{"start":{"line":131,"column":45},"end":{"line":133,"column":3}}]},"24":{"type":"branch","line":133,"loc":{"start":{"line":133,"column":2},"end":{"line":143,"column":32}},"locations":[{"start":{"line":133,"column":2},"end":{"line":143,"column":32}}]},"25":{"type":"branch","line":143,"loc":{"start":{"line":143,"column":28},"end":{"line":143,"column":36}},"locations":[{"start":{"line":143,"column":28},"end":{"line":143,"column":36}}]},"26":{"type":"branch","line":143,"loc":{"start":{"line":143,"column":32},"end":{"line":143,"column":65}},"locations":[{"start":{"line":143,"column":32},"end":{"line":143,"column":65}}]},"27":{"type":"branch","line":143,"loc":{"start":{"line":143,"column":55},"end":{"line":143,"column":63}},"locations":[{"start":{"line":143,"column":55},"end":{"line":143,"column":63}}]},"28":{"type":"branch","line":143,"loc":{"start":{"line":143,"column":59},"end":{"line":143,"column":65}},"locations":[{"start":{"line":143,"column":59},"end":{"line":143,"column":65}}]},"29":{"type":"branch","line":147,"loc":{"start":{"line":147,"column":13},"end":{"line":147,"column":31}},"locations":[{"start":{"line":147,"column":13},"end":{"line":147,"column":31}}]},"30":{"type":"branch","line":147,"loc":{"start":{"line":147,"column":31},"end":{"line":149,"column":3}},"locations":[{"start":{"line":147,"column":31},"end":{"line":149,"column":3}}]},"31":{"type":"branch","line":149,"loc":{"start":{"line":149,"column":2},"end":{"line":151,"column":1}},"locations":[{"start":{"line":149,"column":2},"end":{"line":151,"column":1}}]}},"b":{"0":[984],"1":[6896],"2":[328],"3":[327],"4":[323],"5":[5],"6":[1152],"7":[285],"8":[30],"9":[4],"10":[666],"11":[664],"12":[1314],"13":[447],"14":[867],"15":[201],"16":[666],"17":[331],"18":[0],"19":[1],"20":[330],"21":[330],"22":[329],"23":[2],"24":[328],"25":[55],"26":[273],"27":[71],"28":[202],"29":[8],"30":[6],"31":[328]},"fnMap":{"0":{"name":"mod","decl":{"start":{"line":11,"column":0},"end":{"line":13,"column":1}},"loc":{"start":{"line":11,"column":0},"end":{"line":13,"column":1}},"line":11},"1":{"name":"quotient","decl":{"start":{"line":18,"column":0},"end":{"line":20,"column":1}},"loc":{"start":{"line":18,"column":0},"end":{"line":20,"column":1}},"line":18},"2":{"name":"yearFromFixed","decl":{"start":{"line":26,"column":0},"end":{"line":37,"column":1}},"loc":{"start":{"line":26,"column":0},"end":{"line":37,"column":1}},"line":26},"3":{"name":"isGregLeapYear","decl":{"start":{"line":51,"column":7},"end":{"line":53,"column":1}},"loc":{"start":{"line":51,"column":7},"end":{"line":53,"column":1}},"line":51},"4":{"name":"daysInGregMonth","decl":{"start":{"line":60,"column":7},"end":{"line":63,"column":1}},"loc":{"start":{"line":60,"column":7},"end":{"line":63,"column":1}},"line":60},"5":{"name":"isDate","decl":{"start":{"line":68,"column":7},"end":{"line":71,"column":1}},"loc":{"start":{"line":68,"column":7},"end":{"line":71,"column":1}},"line":68},"6":{"name":"toFixed","decl":{"start":{"line":79,"column":0},"end":{"line":90,"column":1}},"loc":{"start":{"line":79,"column":0},"end":{"line":90,"column":1}},"line":79},"7":{"name":"greg2abs","decl":{"start":{"line":96,"column":7},"end":{"line":109,"column":1}},"loc":{"start":{"line":96,"column":7},"end":{"line":109,"column":1}},"line":96},"8":{"name":"abs2greg","decl":{"start":{"line":130,"column":7},"end":{"line":151,"column":1}},"loc":{"start":{"line":130,"column":7},"end":{"line":151,"column":1}},"line":130}},"f":{"0":984,"1":6896,"2":328,"3":1152,"4":4,"5":666,"6":1314,"7":331,"8":330}}
,"/app/src/gregNamespace.ts": {"path":"/app/src/gregNamespace.ts","all":false,"statementMap":{"1":{"start":{"line":2,"column":0},"end":{"line":2,"column":8}},"12":{"start":{"line":13,"column":0},"end":{"line":13,"column":23}},"20":{"start":{"line":21,"column":0},"end":{"line":21,"column":25}},"21":{"start":{"line":22,"column":0},"end":{"line":22,"column":35}},"22":{"start":{"line":23,"column":0},"end":{"line":23,"column":25}},"23":{"start":{"line":24,"column":0},"end":{"line":24,"column":21}},"24":{"start":{"line":25,"column":0},"end":{"line":25,"column":33}}},"s":{"1":1,"12":1,"20":1,"21":1,"22":1,"23":1,"24":1},"branchMap":{"0":{"type":"branch","line":13,"loc":{"start":{"line":13,"column":7},"end":{"line":13,"column":17}},"locations":[{"start":{"line":13,"column":7},"end":{"line":13,"column":17}}]}},"b":{"0":[1]},"fnMap":{},"f":{}}
,"/app/src/hdate.ts": {"path":"/app/src/hdate.ts","all":false,"statementMap":{"20":{"start":{"line":21,"column":0},"end":{"line":21,"column":8}},"35":{"start":{"line":36,"column":0},"end":{"line":36,"column":50}},"36":{"start":{"line":37,"column":0},"end":{"line":37,"column":57}},"37":{"start":{"line":38,"column":0},"end":{"line":38,"column":32}},"39":{"start":{"line":40,"column":0},"end":{"line":40,"column":44}},"40":{"start":{"line":41,"column":0},"end":{"line":41,"column":35}},"41":{"start":{"line":42,"column":0},"end":{"line":42,"column":1}},"43":{"start":{"line":44,"column":0},"end":{"line":44,"column":68}},"44":{"start":{"line":45,"column":0},"end":{"line":45,"column":52}},"45":{"start":{"line":46,"column":0},"end":{"line":46,"column":1}},"47":{"start":{"line":48,"column":0},"end":{"line":48,"column":24}},"48":{"start":{"line":49,"column":0},"end":{"line":49,"column":26}},"49":{"start":{"line":50,"column":0},"end":{"line":50,"column":28}},"50":{"start":{"line":51,"column":0},"end":{"line":51,"column":26}},"96":{"start":{"line":97,"column":0},"end":{"line":97,"column":20}},"136":{"start":{"line":137,"column":0},"end":{"line":137,"column":14}},"137":{"start":{"line":138,"column":0},"end":{"line":138,"column":63}},"138":{"start":{"line":139,"column":0},"end":{"line":139,"column":28}},"139":{"start":{"line":140,"column":0},"end":{"line":140,"column":17}},"140":{"start":{"line":141,"column":0},"end":{"line":141,"column":5}},"141":{"start":{"line":142,"column":0},"end":{"line":142,"column":57}},"142":{"start":{"line":143,"column":0},"end":{"line":143,"column":76}},"143":{"start":{"line":144,"column":0},"end":{"line":144,"column":5}},"144":{"start":{"line":145,"column":0},"end":{"line":145,"column":33}},"146":{"start":{"line":147,"column":0},"end":{"line":147,"column":28}},"147":{"start":{"line":148,"column":0},"end":{"line":148,"column":24}},"148":{"start":{"line":149,"column":0},"end":{"line":149,"column":73}},"149":{"start":{"line":150,"column":0},"end":{"line":150,"column":22}},"150":{"start":{"line":151,"column":0},"end":{"line":151,"column":67}},"151":{"start":{"line":152,"column":0},"end":{"line":152,"column":7}},"152":{"start":{"line":153,"column":0},"end":{"line":153,"column":19}},"153":{"start":{"line":154,"column":0},"end":{"line":154,"column":79}},"154":{"start":{"line":155,"column":0},"end":{"line":155,"column":24}},"155":{"start":{"line":156,"column":0},"end":{"line":156,"column":70}},"156":{"start":{"line":157,"column":0},"end":{"line":157,"column":22}},"157":{"start":{"line":158,"column":0},"end":{"line":158,"column":65}},"158":{"start":{"line":159,"column":0},"end":{"line":159,"column":7}},"159":{"start":{"line":160,"column":0},"end":{"line":160,"column":24}},"160":{"start":{"line":161,"column":0},"end":{"line":161,"column":12}},"162":{"start":{"line":163,"column":0},"end":{"line":163,"column":55}},"163":{"start":{"line":164,"column":0},"end":{"line":164,"column":25}},"164":{"start":{"line":165,"column":0},"end":{"line":165,"column":7}},"166":{"start":{"line":167,"column":0},"end":{"line":167,"column":18}},"167":{"start":{"line":168,"column":0},"end":{"line":168,"column":46}},"168":{"start":{"line":169,"column":0},"end":{"line":169,"column":15}},"169":{"start":{"line":170,"column":0},"end":{"line":170,"column":23}},"170":{"start":{"line":171,"column":0},"end":{"line":171,"column":35}},"171":{"start":{"line":172,"column":0},"end":{"line":172,"column":37}},"172":{"start":{"line":173,"column":0},"end":{"line":173,"column":19}},"173":{"start":{"line":174,"column":0},"end":{"line":174,"column":21}},"174":{"start":{"line":175,"column":0},"end":{"line":175,"column":26}},"175":{"start":{"line":176,"column":0},"end":{"line":176,"column":65}},"176":{"start":{"line":177,"column":0},"end":{"line":177,"column":7}},"177":{"start":{"line":178,"column":0},"end":{"line":178,"column":48}},"178":{"start":{"line":179,"column":0},"end":{"line":179,"column":69}},"179":{"start":{"line":180,"column":0},"end":{"line":180,"column":21}},"180":{"start":{"line":181,"column":0},"end":{"line":181,"column":21}},"181":{"start":{"line":182,"column":0},"end":{"line":182,"column":21}},"182":{"start":{"line":183,"column":0},"end":{"line":183,"column":21}},"183":{"start":{"line":184,"column":0},"end":{"line":184,"column":23}},"184":{"start":{"line":185,"column":0},"end":{"line":185,"column":7}},"185":{"start":{"line":186,"column":0},"end":{"line":186,"column":5}},"186":{"start":{"line":187,"column":0},"end":{"line":187,"column":3}},"195":{"start":{"line":196,"column":0},"end":{"line":196,"column":25}},"196":{"start":{"line":197,"column":0},"end":{"line":197,"column":19}},"197":{"start":{"line":198,"column":0},"end":{"line":198,"column":3}},"205":{"start":{"line":206,"column":0},"end":{"line":206,"column":25}},"206":{"start":{"line":207,"column":0},"end":{"line":207,"column":31}},"207":{"start":{"line":208,"column":0},"end":{"line":208,"column":3}},"216":{"start":{"line":217,"column":0},"end":{"line":217,"column":22}},"217":{"start":{"line":218,"column":0},"end":{"line":218,"column":19}},"218":{"start":{"line":219,"column":0},"end":{"line":219,"column":3}},"227":{"start":{"line":228,"column":0},"end":{"line":228,"column":29}},"228":{"start":{"line":229,"column":0},"end":{"line":229,"column":55}},"229":{"start":{"line":230,"column":0},"end":{"line":230,"column":70}},"230":{"start":{"line":231,"column":0},"end":{"line":231,"column":3}},"239":{"start":{"line":240,"column":0},"end":{"line":240,"column":25}},"240":{"start":{"line":241,"column":0},"end":{"line":241,"column":60}},"241":{"start":{"line":242,"column":0},"end":{"line":242,"column":3}},"250":{"start":{"line":251,"column":0},"end":{"line":251,"column":21}},"251":{"start":{"line":252,"column":0},"end":{"line":252,"column":19}},"252":{"start":{"line":253,"column":0},"end":{"line":253,"column":3}},"264":{"start":{"line":265,"column":0},"end":{"line":265,"column":20}},"265":{"start":{"line":266,"column":0},"end":{"line":266,"column":30}},"266":{"start":{"line":267,"column":0},"end":{"line":267,"column":3}},"285":{"start":{"line":286,"column":0},"end":{"line":286,"column":16}},"286":{"start":{"line":287,"column":0},"end":{"line":287,"column":32}},"287":{"start":{"line":288,"column":0},"end":{"line":288,"column":3}},"298":{"start":{"line":299,"column":0},"end":{"line":299,"column":17}},"299":{"start":{"line":300,"column":0},"end":{"line":300,"column":38}},"300":{"start":{"line":301,"column":0},"end":{"line":301,"column":54}},"301":{"start":{"line":302,"column":0},"end":{"line":302,"column":5}},"302":{"start":{"line":303,"column":0},"end":{"line":303,"column":19}},"303":{"start":{"line":304,"column":0},"end":{"line":304,"column":3}},"316":{"start":{"line":317,"column":0},"end":{"line":317,"column":71}},"317":{"start":{"line":318,"column":0},"end":{"line":318,"column":40}},"318":{"start":{"line":319,"column":0},"end":{"line":319,"column":3}},"326":{"start":{"line":327,"column":0},"end":{"line":327,"column":29}},"327":{"start":{"line":328,"column":0},"end":{"line":328,"column":61}},"328":{"start":{"line":329,"column":0},"end":{"line":329,"column":3}},"345":{"start":{"line":346,"column":0},"end":{"line":346,"column":52}},"346":{"start":{"line":347,"column":0},"end":{"line":347,"column":53}},"347":{"start":{"line":348,"column":0},"end":{"line":348,"column":31}},"348":{"start":{"line":349,"column":0},"end":{"line":349,"column":68}},"349":{"start":{"line":350,"column":0},"end":{"line":350,"column":52}},"350":{"start":{"line":351,"column":0},"end":{"line":351,"column":45}},"351":{"start":{"line":352,"column":0},"end":{"line":352,"column":47}},"352":{"start":{"line":353,"column":0},"end":{"line":353,"column":50}},"353":{"start":{"line":354,"column":0},"end":{"line":354,"column":19}},"354":{"start":{"line":355,"column":0},"end":{"line":355,"column":42}},"355":{"start":{"line":356,"column":0},"end":{"line":356,"column":39}},"356":{"start":{"line":357,"column":0},"end":{"line":357,"column":12}},"357":{"start":{"line":358,"column":0},"end":{"line":358,"column":21}},"358":{"start":{"line":359,"column":0},"end":{"line":359,"column":5}},"359":{"start":{"line":360,"column":0},"end":{"line":360,"column":3}},"369":{"start":{"line":370,"column":0},"end":{"line":370,"column":50}},"370":{"start":{"line":371,"column":0},"end":{"line":371,"column":29}},"371":{"start":{"line":372,"column":0},"end":{"line":372,"column":57}},"372":{"start":{"line":373,"column":0},"end":{"line":373,"column":58}},"373":{"start":{"line":374,"column":0},"end":{"line":374,"column":33}},"374":{"start":{"line":375,"column":0},"end":{"line":375,"column":55}},"375":{"start":{"line":376,"column":0},"end":{"line":376,"column":3}},"384":{"start":{"line":385,"column":0},"end":{"line":385,"column":36}},"385":{"start":{"line":386,"column":0},"end":{"line":386,"column":43}},"386":{"start":{"line":387,"column":0},"end":{"line":387,"column":3}},"397":{"start":{"line":398,"column":0},"end":{"line":398,"column":40}},"398":{"start":{"line":399,"column":0},"end":{"line":399,"column":42}},"399":{"start":{"line":400,"column":0},"end":{"line":400,"column":3}},"409":{"start":{"line":410,"column":0},"end":{"line":410,"column":37}},"410":{"start":{"line":411,"column":0},"end":{"line":411,"column":42}},"411":{"start":{"line":412,"column":0},"end":{"line":412,"column":3}},"422":{"start":{"line":423,"column":0},"end":{"line":423,"column":39}},"423":{"start":{"line":424,"column":0},"end":{"line":424,"column":42}},"424":{"start":{"line":425,"column":0},"end":{"line":425,"column":3}},"435":{"start":{"line":436,"column":0},"end":{"line":436,"column":35}},"436":{"start":{"line":437,"column":0},"end":{"line":437,"column":42}},"437":{"start":{"line":438,"column":0},"end":{"line":438,"column":3}},"445":{"start":{"line":446,"column":0},"end":{"line":446,"column":17}},"446":{"start":{"line":447,"column":0},"end":{"line":447,"column":37}},"447":{"start":{"line":448,"column":0},"end":{"line":448,"column":3}},"455":{"start":{"line":456,"column":0},"end":{"line":456,"column":17}},"456":{"start":{"line":457,"column":0},"end":{"line":457,"column":37}},"457":{"start":{"line":458,"column":0},"end":{"line":458,"column":3}},"472":{"start":{"line":473,"column":0},"end":{"line":473,"column":70}},"473":{"start":{"line":474,"column":0},"end":{"line":474,"column":12}},"474":{"start":{"line":475,"column":0},"end":{"line":475,"column":77}},"475":{"start":{"line":476,"column":0},"end":{"line":476,"column":18}},"476":{"start":{"line":477,"column":0},"end":{"line":477,"column":29}},"477":{"start":{"line":478,"column":0},"end":{"line":478,"column":5}},"478":{"start":{"line":479,"column":0},"end":{"line":479,"column":36}},"479":{"start":{"line":480,"column":0},"end":{"line":480,"column":30}},"480":{"start":{"line":481,"column":0},"end":{"line":481,"column":44}},"481":{"start":{"line":482,"column":0},"end":{"line":482,"column":38}},"482":{"start":{"line":483,"column":0},"end":{"line":483,"column":48}},"483":{"start":{"line":484,"column":0},"end":{"line":484,"column":38}},"484":{"start":{"line":485,"column":0},"end":{"line":485,"column":23}},"485":{"start":{"line":486,"column":0},"end":{"line":486,"column":23}},"486":{"start":{"line":487,"column":0},"end":{"line":487,"column":24}},"487":{"start":{"line":488,"column":0},"end":{"line":488,"column":35}},"488":{"start":{"line":489,"column":0},"end":{"line":489,"column":8}},"489":{"start":{"line":490,"column":0},"end":{"line":490,"column":12}},"491":{"start":{"line":492,"column":0},"end":{"line":492,"column":31}},"492":{"start":{"line":493,"column":0},"end":{"line":493,"column":39}},"493":{"start":{"line":494,"column":0},"end":{"line":494,"column":32}},"494":{"start":{"line":495,"column":0},"end":{"line":495,"column":40}},"495":{"start":{"line":496,"column":0},"end":{"line":496,"column":59}},"496":{"start":{"line":497,"column":0},"end":{"line":497,"column":7}},"497":{"start":{"line":498,"column":0},"end":{"line":498,"column":16}},"498":{"start":{"line":499,"column":0},"end":{"line":499,"column":5}},"499":{"start":{"line":500,"column":0},"end":{"line":500,"column":3}},"520":{"start":{"line":521,"column":0},"end":{"line":521,"column":66}},"521":{"start":{"line":522,"column":0},"end":{"line":522,"column":40}},"522":{"start":{"line":523,"column":0},"end":{"line":523,"column":3}},"540":{"start":{"line":541,"column":0},"end":{"line":541,"column":35}},"541":{"start":{"line":542,"column":0},"end":{"line":542,"column":36}},"542":{"start":{"line":543,"column":0},"end":{"line":543,"column":3}},"552":{"start":{"line":553,"column":0},"end":{"line":553,"column":37}},"553":{"start":{"line":554,"column":0},"end":{"line":554,"column":80}},"554":{"start":{"line":555,"column":0},"end":{"line":555,"column":3}},"562":{"start":{"line":563,"column":0},"end":{"line":563,"column":22}},"563":{"start":{"line":564,"column":0},"end":{"line":564,"column":31}},"564":{"start":{"line":565,"column":0},"end":{"line":565,"column":40}},"565":{"start":{"line":566,"column":0},"end":{"line":566,"column":42}},"566":{"start":{"line":567,"column":0},"end":{"line":567,"column":45}},"567":{"start":{"line":568,"column":0},"end":{"line":568,"column":3}},"576":{"start":{"line":577,"column":0},"end":{"line":577,"column":44}},"577":{"start":{"line":578,"column":0},"end":{"line":578,"column":28}},"578":{"start":{"line":579,"column":0},"end":{"line":579,"column":3}},"587":{"start":{"line":588,"column":0},"end":{"line":588,"column":45}},"588":{"start":{"line":589,"column":0},"end":{"line":589,"column":30}},"589":{"start":{"line":590,"column":0},"end":{"line":590,"column":3}},"599":{"start":{"line":600,"column":0},"end":{"line":600,"column":59}},"600":{"start":{"line":601,"column":0},"end":{"line":601,"column":36}},"601":{"start":{"line":602,"column":0},"end":{"line":602,"column":3}},"612":{"start":{"line":613,"column":0},"end":{"line":613,"column":63}},"613":{"start":{"line":614,"column":0},"end":{"line":614,"column":37}},"614":{"start":{"line":615,"column":0},"end":{"line":615,"column":3}},"625":{"start":{"line":626,"column":0},"end":{"line":626,"column":51}},"626":{"start":{"line":627,"column":0},"end":{"line":627,"column":36}},"627":{"start":{"line":628,"column":0},"end":{"line":628,"column":39}},"628":{"start":{"line":629,"column":0},"end":{"line":629,"column":55}},"629":{"start":{"line":630,"column":0},"end":{"line":630,"column":7}},"630":{"start":{"line":631,"column":0},"end":{"line":631,"column":19}},"631":{"start":{"line":632,"column":0},"end":{"line":632,"column":5}},"632":{"start":{"line":633,"column":0},"end":{"line":633,"column":78}},"633":{"start":{"line":634,"column":0},"end":{"line":634,"column":27}},"634":{"start":{"line":635,"column":0},"end":{"line":635,"column":29}},"635":{"start":{"line":636,"column":0},"end":{"line":636,"column":3}},"646":{"start":{"line":647,"column":0},"end":{"line":647,"column":43}},"647":{"start":{"line":648,"column":0},"end":{"line":648,"column":28}},"648":{"start":{"line":649,"column":0},"end":{"line":649,"column":3}},"657":{"start":{"line":658,"column":0},"end":{"line":658,"column":46}},"658":{"start":{"line":659,"column":0},"end":{"line":659,"column":30}},"659":{"start":{"line":660,"column":0},"end":{"line":660,"column":3}},"668":{"start":{"line":669,"column":0},"end":{"line":669,"column":45}},"669":{"start":{"line":670,"column":0},"end":{"line":670,"column":29}},"670":{"start":{"line":671,"column":0},"end":{"line":671,"column":3}},"680":{"start":{"line":681,"column":0},"end":{"line":681,"column":60}},"681":{"start":{"line":682,"column":0},"end":{"line":682,"column":36}},"682":{"start":{"line":683,"column":0},"end":{"line":683,"column":3}},"694":{"start":{"line":695,"column":0},"end":{"line":695,"column":68}},"695":{"start":{"line":696,"column":0},"end":{"line":696,"column":49}},"696":{"start":{"line":697,"column":0},"end":{"line":697,"column":3}},"707":{"start":{"line":708,"column":0},"end":{"line":708,"column":37}},"708":{"start":{"line":709,"column":0},"end":{"line":709,"column":12}},"709":{"start":{"line":710,"column":0},"end":{"line":710,"column":21}},"710":{"start":{"line":711,"column":0},"end":{"line":711,"column":32}},"711":{"start":{"line":712,"column":0},"end":{"line":712,"column":35}},"712":{"start":{"line":713,"column":0},"end":{"line":713,"column":35}},"713":{"start":{"line":714,"column":0},"end":{"line":714,"column":35}},"714":{"start":{"line":715,"column":0},"end":{"line":715,"column":39}},"715":{"start":{"line":716,"column":0},"end":{"line":716,"column":35}},"717":{"start":{"line":718,"column":0},"end":{"line":718,"column":3}},"726":{"start":{"line":727,"column":0},"end":{"line":727,"column":75}},"727":{"start":{"line":728,"column":0},"end":{"line":728,"column":61}},"728":{"start":{"line":729,"column":0},"end":{"line":729,"column":34}},"729":{"start":{"line":730,"column":0},"end":{"line":730,"column":43}},"730":{"start":{"line":731,"column":0},"end":{"line":731,"column":67}},"731":{"start":{"line":732,"column":0},"end":{"line":732,"column":5}},"732":{"start":{"line":733,"column":0},"end":{"line":733,"column":44}},"733":{"start":{"line":734,"column":0},"end":{"line":734,"column":75}},"734":{"start":{"line":735,"column":0},"end":{"line":735,"column":42}},"735":{"start":{"line":736,"column":0},"end":{"line":736,"column":57}},"736":{"start":{"line":737,"column":0},"end":{"line":737,"column":42}},"737":{"start":{"line":738,"column":0},"end":{"line":738,"column":22}},"738":{"start":{"line":739,"column":0},"end":{"line":739,"column":31}},"739":{"start":{"line":740,"column":0},"end":{"line":740,"column":5}},"740":{"start":{"line":741,"column":0},"end":{"line":741,"column":39}},"741":{"start":{"line":742,"column":0},"end":{"line":742,"column":3}},"742":{"start":{"line":743,"column":0},"end":{"line":743,"column":1}},"744":{"start":{"line":745,"column":0},"end":{"line":745,"column":62}},"745":{"start":{"line":746,"column":0},"end":{"line":746,"column":18}},"746":{"start":{"line":747,"column":0},"end":{"line":747,"column":13}},"747":{"start":{"line":748,"column":0},"end":{"line":748,"column":23}},"748":{"start":{"line":749,"column":0},"end":{"line":749,"column":13}},"749":{"start":{"line":750,"column":0},"end":{"line":750,"column":24}},"750":{"start":{"line":751,"column":0},"end":{"line":751,"column":13}},"751":{"start":{"line":752,"column":0},"end":{"line":752,"column":25}},"752":{"start":{"line":753,"column":0},"end":{"line":753,"column":13}},"753":{"start":{"line":754,"column":0},"end":{"line":754,"column":24}},"754":{"start":{"line":755,"column":0},"end":{"line":755,"column":3}},"755":{"start":{"line":756,"column":0},"end":{"line":756,"column":33}},"756":{"start":{"line":757,"column":0},"end":{"line":757,"column":18}},"757":{"start":{"line":758,"column":0},"end":{"line":758,"column":23}},"758":{"start":{"line":759,"column":0},"end":{"line":759,"column":16}},"759":{"start":{"line":760,"column":0},"end":{"line":760,"column":19}},"760":{"start":{"line":761,"column":0},"end":{"line":761,"column":20}},"761":{"start":{"line":762,"column":0},"end":{"line":762,"column":21}},"762":{"start":{"line":763,"column":0},"end":{"line":763,"column":20}},"763":{"start":{"line":764,"column":0},"end":{"line":764,"column":17}},"764":{"start":{"line":765,"column":0},"end":{"line":765,"column":3}},"765":{"start":{"line":766,"column":0},"end":{"line":766,"column":50}},"766":{"start":{"line":767,"column":0},"end":{"line":767,"column":1}},"768":{"start":{"line":769,"column":0},"end":{"line":769,"column":54}},"769":{"start":{"line":770,"column":0},"end":{"line":770,"column":19}},"770":{"start":{"line":771,"column":0},"end":{"line":771,"column":14}},"771":{"start":{"line":772,"column":0},"end":{"line":772,"column":13}},"772":{"start":{"line":773,"column":0},"end":{"line":773,"column":13}},"773":{"start":{"line":774,"column":0},"end":{"line":774,"column":21}},"774":{"start":{"line":775,"column":0},"end":{"line":775,"column":19}},"775":{"start":{"line":776,"column":0},"end":{"line":776,"column":12}},"776":{"start":{"line":777,"column":0},"end":{"line":777,"column":12}},"777":{"start":{"line":778,"column":0},"end":{"line":778,"column":3}},"778":{"start":{"line":779,"column":0},"end":{"line":779,"column":55}},"779":{"start":{"line":780,"column":0},"end":{"line":780,"column":14}},"780":{"start":{"line":781,"column":0},"end":{"line":781,"column":23}},"781":{"start":{"line":782,"column":0},"end":{"line":782,"column":3}},"782":{"start":{"line":783,"column":0},"end":{"line":783,"column":39}},"783":{"start":{"line":784,"column":0},"end":{"line":784,"column":17}},"784":{"start":{"line":785,"column":0},"end":{"line":785,"column":3}},"785":{"start":{"line":786,"column":0},"end":{"line":786,"column":12}},"786":{"sta
[...]
{"line":45,"column":1}}]},"2":{"type":"branch","line":44,"loc":{"start":{"line":44,"column":37},"end":{"line":44,"column":48}},"locations":[{"start":{"line":44,"column":37},"end":{"line":44,"column":48}}]},"3":{"type":"branch","line":48,"loc":{"start":{"line":48,"column":0},"end":{"line":53,"column":1}},"locations":[{"start":{"line":48,"column":0},"end":{"line":53,"column":1}}]},"4":{"type":"branch","line":49,"loc":{"start":{"line":49,"column":34},"end":{"line":51,"column":3}},"locations":[{"start":{"line":49,"column":34},"end":{"line":51,"column":3}}]},"5":{"type":"branch","line":56,"loc":{"start":{"line":56,"column":0},"end":{"line":63,"column":1}},"locations":[{"start":{"line":56,"column":0},"end":{"line":63,"column":1}}]},"6":{"type":"branch","line":59,"loc":{"start":{"line":59,"column":12},"end":{"line":61,"column":3}},"locations":[{"start":{"line":59,"column":12},"end":{"line":61,"column":3}}]},"7":{"type":"branch","line":61,"loc":{"start":{"line":61,"column":2},"end":{"line":63,"column":1}},"locations":[{"start":{"line":61,"column":2},"end":{"line":63,"column":1}}]},"8":{"type":"branch","line":80,"loc":{"start":{"line":80,"column":9},"end":{"line":89,"column":3}},"locations":[{"start":{"line":80,"column":9},"end":{"line":89,"column":3}}]},"9":{"type":"branch","line":82,"loc":{"start":{"line":82,"column":69},"end":{"line":83,"column":19}},"locations":[{"start":{"line":82,"column":69},"end":{"line":83,"column":19}}]},"10":{"type":"branch","line":85,"loc":{"start":{"line":85,"column":8},"end":{"line":85,"column":25}},"locations":[{"start":{"line":85,"column":8},"end":{"line":85,"column":25}}]},"11":{"type":"branch","line":85,"loc":{"start":{"line":85,"column":15},"end":{"line":85,"column":42}},"locations":[{"start":{"line":85,"column":15},"end":{"line":85,"column":42}}]},"12":{"type":"branch","line":85,"loc":{"start":{"line":85,"column":42},"end":{"line":87,"column":5}},"locations":[{"start":{"line":85,"column":42},"end":{"line":87,"column":5}}]},"13":{"type":"branch","line":87,"loc":{"start":{"line":87,"column":4},"end":{"line":88,"column":21}},"locations":[{"start":{"line":87,"column":4},"end":{"line":88,"column":21}}]},"14":{"type":"branch","line":96,"loc":{"start":{"line":96,"column":9},"end":{"line":102,"column":3}},"locations":[{"start":{"line":96,"column":9},"end":{"line":102,"column":3}}]},"15":{"type":"branch","line":98,"loc":{"start":{"line":98,"column":37},"end":{"line":100,"column":5}},"locations":[{"start":{"line":98,"column":37},"end":{"line":100,"column":5}}]},"16":{"type":"branch","line":100,"loc":{"start":{"line":100,"column":4},"end":{"line":101,"column":16}},"locations":[{"start":{"line":100,"column":4},"end":{"line":101,"column":16}}]},"17":{"type":"branch","line":109,"loc":{"start":{"line":109,"column":9},"end":{"line":118,"column":3}},"locations":[{"start":{"line":109,"column":9},"end":{"line":118,"column":3}}]},"18":{"type":"branch","line":114,"loc":{"start":{"line":114,"column":6},"end":{"line":116,"column":5}},"locations":[{"start":{"line":114,"column":6},"end":{"line":116,"column":5}}]},"19":{"type":"branch","line":126,"loc":{"start":{"line":126,"column":9},"end":{"line":145,"column":3}},"locations":[{"start":{"line":126,"column":9},"end":{"line":145,"column":3}}]},"20":{"type":"branch","line":132,"loc":{"start":{"line":132,"column":22},"end":{"line":132,"column":51}},"locations":[{"start":{"line":132,"column":22},"end":{"line":132,"column":51}}]},"21":{"type":"branch","line":132,"loc":{"start":{"line":132,"column":51},"end":{"line":134,"column":5}},"locations":[{"start":{"line":132,"column":51},"end":{"line":134,"column":5}}]},"22":{"type":"branch","line":134,"loc":{"start":{"line":134,"column":4},"end":{"line":136,"column":17}},"locations":[{"start":{"line":134,"column":4},"end":{"line":136,"column":17}}]},"23":{"type":"branch","line":136,"loc":{"start":{"line":136,"column":17},"end":{"line":141,"column":15}},"locations":[{"start":{"line":136,"column":17},"end":{"line":141,"column":15}}]},"24":{"type":"branch","line":138,"loc":{"start":{"line":138,"column":24},"end":{"line":138,"column":53}},"locations":[{"start":{"line":138,"column":24},"end":{"line":138,"column":53}}]},"25":{"type":"branch","line":138,"loc":{"start":{"line":138,"column":53},"end":{"line":140,"column":7}},"locations":[{"start":{"line":138,"column":53},"end":{"line":140,"column":7}}]},"26":{"type":"branch","line":141,"loc":{"start":{"line":141,"column":4},"end":{"line":143,"column":5}},"locations":[{"start":{"line":141,"column":4},"end":{"line":143,"column":5}}]},"27":{"type":"branch","line":141,"loc":{"start":{"line":141,"column":48},"end":{"line":143,"column":5}},"locations":[{"start":{"line":141,"column":48},"end":{"line":143,"column":5}}]},"28":{"type":"branch","line":143,"loc":{"start":{"line":143,"column":4},"end":{"line":144,"column":24}},"locations":[{"start":{"line":143,"column":4},"end":{"line":144,"column":24}}]},"29":{"type":"branch","line":144,"loc":{"start":{"line":144,"column":14},"end":{"line":144,"column":38}},"locations":[{"start":{"line":144,"column":14},"end":{"line":144,"column":38}}]},"30":{"type":"branch","line":144,"loc":{"start":{"line":144,"column":24},"end":{"line":144,"column":52}},"locations":[{"start":{"line":144,"column":24},"end":{"line":144,"column":52}}]},"31":{"type":"branch","line":151,"loc":{"start":{"line":151,"column":9},"end":{"line":161,"column":3}},"locations":[{"start":{"line":151,"column":9},"end":{"line":161,"column":3}}]},"32":{"type":"branch","line":156,"loc":{"start":{"line":156,"column":6},"end":{"line":158,"column":5}},"locations":[{"start":{"line":156,"column":6},"end":{"line":158,"column":5}}]},"33":{"type":"branch","line":169,"loc":{"start":{"line":169,"column":9},"end":{"line":175,"column":3}},"locations":[{"start":{"line":169,"column":9},"end":{"line":175,"column":3}}]},"34":{"type":"branch","line":172,"loc":{"start":{"line":172,"column":30},"end":{"line":172,"column":43}},"locations":[{"start":{"line":172,"column":30},"end":{"line":172,"column":43}}]},"35":{"type":"branch","line":181,"loc":{"start":{"line":181,"column":9},"end":{"line":183,"column":3}},"locations":[{"start":{"line":181,"column":9},"end":{"line":183,"column":3}}]},"36":{"type":"branch","line":188,"loc":{"start":{"line":188,"column":9},"end":{"line":191,"column":3}},"locations":[{"start":{"line":188,"column":9},"end":{"line":191,"column":3}}]},"37":{"type":"branch","line":190,"loc":{"start":{"line":190,"column":21},"end":{"line":190,"column":49}},"locations":[{"start":{"line":190,"column":21},"end":{"line":190,"column":49}}]},"38":{"type":"branch","line":197,"loc":{"start":{"line":197,"column":9},"end":{"line":221,"column":3}},"locations":[{"start":{"line":197,"column":9},"end":{"line":221,"column":3}}]},"39":{"type":"branch","line":198,"loc":{"start":{"line":198,"column":20},"end":{"line":198,"column":40}},"locations":[{"start":{"line":198,"column":20},"end":{"line":198,"column":40}}]},"40":{"type":"branch","line":199,"loc":{"start":{"line":199,"column":20},"end":{"line":199,"column":42}},"locations":[{"start":{"line":199,"column":20},"end":{"line":199,"column":42}}]},"41":{"type":"branch","line":200,"loc":{"start":{"line":200,"column":18},"end":{"line":202,"column":5}},"locations":[{"start":{"line":200,"column":18},"end":{"line":202,"column":5}}]},"42":{"type":"branch","line":204,"loc":{"start":{"line":204,"column":6},"end":{"line":204,"column":16}},"locations":[{"start":{"line":204,"column":6},"end":{"line":204,"column":16}}]},"43":{"type":"branch","line":205,"loc":{"start":{"line":205,"column":6},"end":{"line":205,"column":15}},"locations":[{"start":{"line":205,"column":6},"end":{"line":205,"column":15}}]},"44":{"type":"branch","line":206,"loc":{"start":{"line":206,"column":6},"end":{"line":207,"column":31}},"locations":[{"start":{"line":206,"column":6},"end":{"line":207,"column":31}}]},"45":{"type":"branch","line":208,"loc":{"start":{"line":208,"column":6},"end":{"line":209,"column":23}},"locations":[{"start":{"line":208,"column":6},"end":{"line":209,"column":23}}]},"46":{"type":"branch","line":210,"loc":{"start":{"line":210,"column":6},"end":{"line":210,"column":15}},"locations":[{"start":{"line":210,"column":6},"end":{"line":210,"column":15}}]},"47":{"type":"branch","line":211,"loc":{"start":{"line":211,"column":6},"end":{"line":211,"column":16}},"locations":[{"start":{"line":211,"column":6},"end":{"line":211,"column":16}}]},"48":{"type":"branch","line":212,"loc":{"start":{"line":212,"column":6},"end":{"line":213,"column":25}},"locations":[{"start":{"line":212,"column":6},"end":{"line":213,"column":25}}]},"49":{"type":"branch","line":214,"loc":{"start":{"line":214,"column":6},"end":{"line":215,"column":14}},"locations":[{"start":{"line":214,"column":6},"end":{"line":215,"column":14}}]},"50":{"type":"branch","line":216,"loc":{"start":{"line":216,"column":4},"end":{"line":219,"column":5}},"locations":[{"start":{"line":216,"column":4},"end":{"line":219,"column":5}}]},"51":{"type":"branch","line":216,"loc":{"start":{"line":216,"column":4},"end":{"line":217,"column":41}},"locations":[{"start":{"line":216,"column":4},"end":{"line":217,"column":41}}]},"52":{"type":"branch","line":217,"loc":{"start":{"line":217,"column":41},"end":{"line":219,"column":5}},"locations":[{"start":{"line":217,"column":41},"end":{"line":219,"column":5}}]},"53":{"type":"branch","line":219,"loc":{"start":{"line":219,"column":4},"end":{"line":220,"column":19}},"locations":[{"start":{"line":219,"column":4},"end":{"line":220,"column":19}}]},"54":{"type":"branch","line":226,"loc":{"start":{"line":226,"column":9},"end":{"line":228,"column":3}},"locations":[{"start":{"line":226,"column":9},"end":{"line":228,"column":3}}]}},"b":{"0":[28],"1":[27],"2":[16],"3":[55],"4":[0],"5":[24],"6":[1],"7":[23],"8":[44],"9":[0],"10":[18],"11":[18],"12":[18],"13":[26],"14":[31],"15":[18],"16":[13],"17":[17],"18":[0],"19":[9],"20":[8],"21":[2],"22":[7],"23":[3],"24":[2],"25":[2],"26":[4],"27":[3],"28":[2],"29":[1],"30":[1],"31":[1],"32":[0],"33":[14],"34":[7],"35":[5],"36":[1],"37":[18],"38":[35],"39":[27],"40":[8],"41":[0],"42":[13],"43":[16],"44":[17],"45":[1],"46":[0],"47":[6],"48":[6],"49":[11],"50":[19],"51":[11],"52":[10],"53":[1],"54":[30]},"fnMap":{"0":{"name":"getEnOrdinal","decl":{"start":{"line":41,"column":0},"end":{"line":45,"column":1}},"loc":{"start":{"line":41,"column":0},"end":{"line":45,"column":1}},"line":41},"1":{"name":"checkLocale","decl":{"start":{"line":48,"column":0},"end":{"line":53,"column":1}},"loc":{"start":{"line":48,"column":0},"end":{"line":53,"column":1}},"line":48},"2":{"name":"getExistingLocale","decl":{"start":{"line":56,"column":0},"end":{"line":63,"column":1}},"loc":{"start":{"line":56,"column":0},"end":{"line":63,"column":1}},"line":56},"3":{"name":"lookupTranslation","decl":{"start":{"line":80,"column":9},"end":{"line":89,"column":3}},"loc":{"start":{"line":80,"column":9},"end":{"line":89,"column":3}},"line":80},"4":{"name":"gettext","decl":{"start":{"line":96,"column":9},"end":{"line":102,"column":3}},"loc":{"start":{"line":96,"column":9},"end":{"line":102,"column":3}},"line":96},"5":{"name":"addLocale","decl":{"start":{"line":109,"column":9},"end":{"line":118,"column":3}},"loc":{"start":{"line":109,"column":9},"end":{"line":118,"column":3}},"line":109},"6":{"name":"addTranslation","decl":{"start":{"line":126,"column":9},"end":{"line":145,"column":3}},"loc":{"start":{"line":126,"column":9},"end":{"line":145,"column":3}},"line":126},"7":{"name":"addTranslations","decl":{"start":{"line":151,"column":9},"end":{"line":161,"column":3}},"loc":{"start":{"line":151,"column":9},"end":{"line":161,"column":3}},"line":151},"8":{"name":"useLocale","decl":{"start":{"line":169,"column":9},"end":{"line":175,"column":3}},"loc":{"start":{"line":169,"column":9},"end":{"line":175,"column":3}},"line":169},"9":{"name":"getLocaleName","decl":{"start":{"line":181,"column":9},"end":{"line":183,"column":3}},"loc":{"start":{"line":181,"column":9},"end":{"line":183,"column":3}},"line":181},"10":{"name":"getLocaleNames","decl":{"start":{"line":188,"column":9},"end":{"line":191,"column":3}},"loc":{"start":{"line":188,"column":9},"end":{"line":191,"column":3}},"line":188},"11":{"name":"ordinal","decl":{"start":{"line":197,"column":9},"end":{"line":221,"column":3}},"loc":{"start":{"line":197,"column":9},"end":{"line":221,"column":3}},"line":197},"12":{"name":"hebrewStripNikkud","decl":{"start":{"line":226,"column":9},"end":{"line":228,"column":3}},"loc":{"start":{"line":226,"column":9},"end":{"line":228,"column":3}},"line":226}},"f":{"0":27,"1":55,"2":24,"3":44,"4":31,"5":17,"6":9,"7":1,"8":14,"9":5,"10":1,"11":35,"12":30}}
,"/app/src/molad.ts": {"path":"/app/src/molad.ts","all":false,"statementMap":{"0":{"start":{"line":1,"column":0},"end":{"line":1,"column":41}},"23":{"start":{"line":24,"column":0},"end":{"line":24,"column":59}},"24":{"start":{"line":25,"column":0},"end":{"line":25,"column":24}},"25":{"start":{"line":26,"column":0},"end":{"line":26,"column":18}},"26":{"start":{"line":27,"column":0},"end":{"line":27,"column":32}},"27":{"start":{"line":28,"column":0},"end":{"line":28,"column":3}},"29":{"start":{"line":30,"column":0},"end":{"line":30,"column":18}},"30":{"start":{"line":31,"column":0},"end":{"line":31,"column":99}},"31":{"start":{"line":32,"column":0},"end":{"line":32,"column":60}},"32":{"start":{"line":33,"column":0},"end":{"line":33,"column":76}},"33":{"start":{"line":34,"column":0},"end":{"line":34,"column":73}},"35":{"start":{"line":36,"column":0},"end":{"line":36,"column":61}},"37":{"start":{"line":38,"column":0},"end":{"line":38,"column":18}},"38":{"start":{"line":39,"column":0},"end":{"line":39,"column":7}},"39":{"start":{"line":40,"column":0},"end":{"line":40,"column":19}},"40":{"start":{"line":41,"column":0},"end":{"line":41,"column":39}},"41":{"start":{"line":42,"column":0},"end":{"line":42,"column":33}},"42":{"start":{"line":43,"column":0},"end":{"line":43,"column":6}},"44":{"start":{"line":45,"column":0},"end":{"line":45,"column":59}},"46":{"start":{"line":47,"column":0},"end":{"line":47,"column":32}},"48":{"start":{"line":49,"column":0},"end":{"line":49,"column":60}},"50":{"start":{"line":51,"column":0},"end":{"line":51,"column":10}},"51":{"start":{"line":52,"column":0},"end":{"line":52,"column":9}},"52":{"start":{"line":53,"column":0},"end":{"line":53,"column":10}},"53":{"start":{"line":54,"column":0},"end":{"line":54,"column":23}},"54":{"start":{"line":55,"column":0},"end":{"line":55,"column":24}},"55":{"start":{"line":56,"column":0},"end":{"line":56,"column":39}},"56":{"start":{"line":57,"column":0},"end":{"line":57,"column":28}},"57":{"start":{"line":58,"column":0},"end":{"line":58,"column":4}},"58":{"start":{"line":59,"column":0},"end":{"line":59,"column":1}}},"s":{"0":1,"23":1,"24":11,"25":11,"26":6,"27":6,"29":11,"30":11,"31":11,"32":11,"33":11,"35":11,"37":11,"38":11,"39":11,"40":11,"41":11,"42":11,"44":11,"46":11,"48":11,"50":11,"51":11,"52":11,"53":11,"54":11,"55":11,"56":11,"57":11,"58":11},"branchMap":{"0":{"type":"branch","line":24,"loc":{"start":{"line":24,"column":7},"end":{"line":59,"column":1}},"locations":[{"start":{"line":24,"column":7},"end":{"line":59,"column":1}}]},"1":{"type":"branch","line":26,"loc":{"start":{"line":26,"column":17},"end":{"line":28,"column":3}},"locations":[{"start":{"line":26,"column":17},"end":{"line":28,"column":3}}]}},"b":{"0":[11],"1":[6]},"fnMap":{"0":{"name":"molad","decl":{"start":{"line":24,"column":7},"end":{"line":59,"column":1}},"loc":{"start":{"line":24,"column":7},"end":{"line":59,"column":1}},"line":24}},"f":{"0":11}}
,"/app/src/pad.ts": {"path":"/app/src/pad.ts","all":false,"statementMap":{"6":{"start":{"line":7,"column":0},"end":{"line":7,"column":43}},"7":{"start":{"line":8,"column":0},"end":{"line":8,"column":16}},"8":{"start":{"line":9,"column":0},"end":{"line":9,"column":30}},"9":{"start":{"line":10,"column":0},"end":{"line":10,"column":24}},"10":{"start":{"line":11,"column":0},"end":{"line":11,"column":23}},"11":{"start":{"line":12,"column":0},"end":{"line":12,"column":25}},"12":{"start":{"line":13,"column":0},"end":{"line":13,"column":22}},"13":{"start":{"line":14,"column":0},"end":{"line":14,"column":26}},"14":{"start":{"line":15,"column":0},"end":{"line":15,"column":21}},"15":{"start":{"line":16,"column":0},"end":{"line":16,"column":3}},"16":{"start":{"line":17,"column":0},"end":{"line":17,"column":21}},"17":{"start":{"line":18,"column":0},"end":{"line":18,"column":1}},"23":{"start":{"line":24,"column":0},"end":{"line":24,"column":43}},"24":{"start":{"line":25,"column":0},"end":{"line":25,"column":29}},"25":{"start":{"line":26,"column":0},"end":{"line":26,"column":21}},"26":{"start":{"line":27,"column":0},"end":{"line":27,"column":3}},"27":{"start":{"line":28,"column":0},"end":{"line":28,"column":21}},"28":{"start":{"line":29,"column":0},"end":{"line":29,"column":1}}},"s":{"6":1,"7":48,"8":1,"9":48,"10":2,"11":47,"12":2,"13":43,"14":4,"15":4,"16":39,"17":39,"23":1,"24":28,"25":17,"26":17,"27":11,"28":11},"branchMap":{"0":{"type":"branch","line":7,"loc":{"start":{"line":7,"column":7},"end":{"line":18,"column":1}},"locations":[{"start":{"line":7,"column":7},"end":{"line":18,"column":1}}]},"1":{"type":"branch","line":8,"loc":{"start":{"line":8,"column":15},"end":{"line":10,"column":13}},"locations":[{"start":{"line":8,"column":15},"end":{"line":10,"column":13}}]},"2":{"type":"branch","line":10,"loc":{"start":{"line":10,"column":2},"end":{"line":16,"column":3}},"locations":[{"start":{"line":10,"column":2},"end":{"line":16,"column":3}}]},"3":{"type":"branch","line":10,"loc":{"start":{"line":10,"column":23},"end":{"line":12,"column":13}},"locations":[{"start":{"line":10,"column":23},"end":{"line":12,"column":13}}]},"4":{"type":"branch","line":12,"loc":{"start":{"line":12,"column":2},"end":{"line":16,"column":3}},"locations":[{"start":{"line":12,"column":2},"end":{"line":16,"column":3}}]},"5":{"type":"branch","line":12,"loc":{"start":{"line":12,"column":24},"end":{"line":16,"column":3}},"locations":[{"start":{"line":12,"column":24},"end":{"line":16,"column":3}}]},"6":{"type":"branch","line":12,"loc":{"start":{"line":12,"column":24},"end":{"line":14,"column":13}},"locations":[{"start":{"line":12,"column":24},"end":{"line":14,"column":13}}]},"7":{"type":"branch","line":14,"loc":{"start":{"line":14,"column":25},"end":{"line":16,"column":3}},"locations":[{"start":{"line":14,"column":25},"end":{"line":16,"column":3}}]},"8":{"type":"branch","line":16,"loc":{"start":{"line":16,"column":2},"end":{"line":18,"column":1}},"locations":[{"start":{"line":16,"column":2},"end":{"line":18,"column":1}}]},"9":{"type":"branch","line":24,"loc":{"start":{"line":24,"column":7},"end":{"line":29,"column":1}},"locations":[{"start":{"line":24,"column":7},"end":{"line":29,"column":1}}]},"10":{"type":"branch","line":25,"loc":{"start":{"line":25,"column":13},"end":{"line":25,"column":28}},"locations":[{"start":{"line":25,"column":13},"end":{"line":25,"column":28}}]},"11":{"type":"branch","line":25,"loc":{"start":{"line":25,"column":28},"end":{"line":29,"column":1}},"locations":[{"start":{"line":25,"column":28},"end":{"line":29,"column":1}}]},"12":{"type":"branch","line":25,"loc":{"start":{"line":25,"column":28},"end":{"line":27,"column":3}},"locations":[{"start":{"line":25,"column":28},"end":{"line":27,"column":3}}]},"13":{"type":"branch","line":27,"loc":{"start":{"line":27,"column":2},"end":{"line":29,"column":1}},"locations":[{"start":{"line":27,"column":2},"end":{"line":29,"column":1}}]}},"b":{"0":[48],"1":[1],"2":[47],"3":[2],"4":[45],"5":[43],"6":[2],"7":[4],"8":[39],"9":[28],"10":[27],"11":[26],"12":[17],"13":[11]},"fnMap":{"0":{"name":"pad4","decl":{"start":{"line":7,"column":7},"end":{"line":18,"column":1}},"loc":{"start":{"line":7,"column":7},"end":{"line":18,"column":1}},"line":7},"1":{"name":"pad2","decl":{"start":{"line":24,"column":7},"end":{"line":29,"column":1}},"loc":{"start":{"line":24,"column":7},"end":{"line":29,"column":1}},"line":24}},"f":{"0":48,"1":28}}
}
